#
# A fatal error has been detected by the Java Runtime Environment:
#
#  SIGSEGV (0xb) at pc=0x00007faa10a79690, pid=15095, tid=0x00007faa0e39c700
#
# JRE version: OpenJDK Runtime Environment (8.0_152-b01) (build 1.8.0_152-release-915-b01)
# Java VM: OpenJDK 64-Bit Server VM (25.152-b01 mixed mode linux-amd64 compressed oops)
# Problematic frame:
# V  [libjvm.so+0x86b690]  ParMarkBitMap::mark_obj(HeapWord*, unsigned long)+0xd0
#
# Failed to write core dump. Core dumps have been disabled. To enable core dumping, try "ulimit -c unlimited" before starting Java again
#
# If you would like to submit a bug report, please visit:
#   http://bugreport.java.com/bugreport/crash.jsp
#

---------------  T H R E A D  ---------------

Current thread (0x00007faa08023800):  GCTaskThread [stack: 0x00007faa0e29c000,0x00007faa0e39d000] [id=15102]

siginfo: si_signo: 11 (SIGSEGV), si_code: 2 (SEGV_ACCERR), si_addr: 0x00007fa9fa807d68

Registers:
RAX=0x000000000000001c, RBX=0x00007fa9f1007d68, RCX=0x000000000000001c, RDX=0x00007fa9f2800000
RSP=0x00007faa0e39bb80, RBP=0x00007faa0e39bb90, RSI=0x00000000a01f5a80, RDI=0x0000000010000000
R8 =0x00007fa9fa807d68, R9 =0x00007faa110df470, R10=0x0000000000000001, R11=0x0000000000010000
R12=0x00007faa110a8d28, R13=0x0000000000000000, R14=0x000000004000000d, R15=0x00007faa08075160
RIP=0x00007faa10a79690, EFLAGS=0x0000000000010206, CSGSFS=0x002b000000000033, ERR=0x0000000000000004
  TRAPNO=0x000000000000000e

Top of Stack: (sp=0x00007faa0e39bb80)
0x00007faa0e39bb80:   00000000a01f5a80 00007faa08075160
0x00007faa0e39bb90:   00007faa0e39bbc0 00007faa10ac3515
0x00007faa0e39bba0:   0000000100063578 00007faa0e39bc20
0x00007faa0e39bbb0:   00007faa0810fbb0 00007faa08023800
0x00007faa0e39bbc0:   00007faa0e39bbf0 00007faa1064092c
0x00007faa0e39bbd0:   00000000a01e0990 00007faa110df470
0x00007faa0e39bbe0:   00007faa08027740 00007faa08075160
0x00007faa0e39bbf0:   00007faa0e39bc40 00007faa10ac5de6
0x00007faa0e39bc00:   00007faa1109ecd0 00007faa08075100
0x00007faa0e39bc10:   00007faa08075160 00007faa08075160
0x00007faa0e39bc20:   00007faa1109ed00 00007faa107efb00
0x00007faa0e39bc30:   00007faa0e39bc00 00007faa08027740
0x00007faa0e39bc40:   00007faa0e39bd10 00007faa10abbad2
0x00007faa0e39bc50:   00007faa0e39bca0 00007faa080751f0
0x00007faa0e39bc60:   00007faa08075220 00000000eb8ac3c0
0x00007faa0e39bc70:   00007faa08075170 00000000e0cdd350
0x00007faa0e39bc80:   00007faa080751a0 0000000000000000
0x00007faa0e39bc90:   00007faa1111d4ff 00000000eb8ac3c0
0x00007faa0e39bca0:   00000000a01e0990 00007faa08075160
0x00007faa0e39bcb0:   00007faa0e39bce0 00007faa10ac352b
0x00007faa0e39bcc0:   00007faa0e39bd30 00007faa110f9c38
0x00007faa0e39bcd0:   00007faa110f9c38 00007faa08023800
0x00007faa0e39bce0:   00007faa0e39bd10 00007faa0e39bd30
0x00007faa0e39bcf0:   00007faa08027740 00007faa10c79b38
0x00007faa0e39bd00:   00007faa08023800 00007faa08075160
0x00007faa0e39bd10:   00007faa0e39be00 00007faa10aa0528
0x00007faa0e39bd20:   00007faa0801f5b0 00007faa0801f5d0
0x00007faa0e39bd30:   00007faa1109ecd0 00007faa08023800
0x00007faa0e39bd40:   00007faa08075160 00007faa10a2293d
0x00007faa0e39bd50:   00007faa1109ed00 00007faa0801f500
0x00007faa0e39bd60:   00007faa0e39bd30 0000000000000000
0x00007faa0e39bd70:   0000000000000001 00007faa08023800 

Instructions: (pc=0x00007faa10a79690)
0x00007faa10a79670:   bf 01 00 00 00 48 c1 e8 03 48 d3 e8 48 89 c1 83
0x00007faa10a79680:   e0 3f 48 c1 e9 06 4c 8d 04 ca 48 89 c1 48 d3 e7
0x00007faa10a79690:   49 8b 10 eb 19 0f 1f 00 48 89 d0 40 80 fe 00 74
0x00007faa10a796a0:   01 f0 49 0f b1 08 48 39 c2 74 25 48 89 c2 48 89 

Register to memory mapping:

RAX=0x000000000000001c is an unknown value
RBX=0x00007fa9f1007d68 is an unknown value
RCX=0x000000000000001c is an unknown value
RDX=0x00007fa9f2800000 is an unknown value
RSP=0x00007faa0e39bb80 is an unknown value
RBP=0x00007faa0e39bb90 is an unknown value
RSI=0x00000000a01f5a80 is an oop
java.lang.Class 
 - klass: 'java/lang/Class'
RDI=0x0000000010000000 is an unknown value
R8 =0x00007fa9fa807d68 is an unknown value
R9 =0x00007faa110df470: <offset 0xed1470> in /home/srikkanth/Documents/android-studio/jre/jre/lib/amd64/server/libjvm.so at 0x00007faa1020e000
R10=0x0000000000000001 is an unknown value
R11=0x0000000000010000 is an unknown value
R12=0x00007faa110a8d28: <offset 0xe9ad28> in /home/srikkanth/Documents/android-studio/jre/jre/lib/amd64/server/libjvm.so at 0x00007faa1020e000
R13=0x0000000000000000 is an unknown value
R14=0x000000004000000d is an unknown value
R15=0x00007faa08075160 is an unknown value


Stack: [0x00007faa0e29c000,0x00007faa0e39d000],  sp=0x00007faa0e39bb80,  free space=1022k
Native frames: (J=compiled Java code, j=interpreted, Vv=VM code, C=native code)
V  [libjvm.so+0x86b690]  ParMarkBitMap::mark_obj(HeapWord*, unsigned long)+0xd0
V  [libjvm.so+0x8b5515]  PSParallelCompact::MarkAndPushClosure::do_oop(oopDesc**)+0xa5
V  [libjvm.so+0x43292c]  ClassLoaderData::oops_do(OopClosure*, KlassClosure*, bool)+0x5c
V  [libjvm.so+0x8b7de6]  PSParallelCompact::follow_class_loader(ParCompactionManager*, ClassLoaderData*)+0x46
V  [libjvm.so+0x8adad2]  ParCompactionManager::follow_marking_stacks()+0x402
V  [libjvm.so+0x892528]  MarkFromRootsTask::do_it(GCTaskManager*, unsigned int)+0x168
V  [libjvm.so+0x584112]  GCTaskThread::run()+0x162
V  [libjvm.so+0x84e792]  java_start(Thread*)+0xf2


---------------  P R O C E S S  ---------------

Java Threads: ( => current thread )
  0x00007fa9a8e01000 JavaThread "build operations Thread 4" [_thread_blocked, id=15130, stack(0x00007fa992fe0000,0x00007fa9930e1000)]
  0x00007fa9a8dff000 JavaThread "build operations Thread 3" [_thread_blocked, id=15129, stack(0x00007fa9930e1000,0x00007fa9931e2000)]
  0x00007fa9a8dfd800 JavaThread "build operations Thread 2" [_thread_blocked, id=15128, stack(0x00007fa9931e2000,0x00007fa9932e3000)]
  0x00007fa9a8e02800 JavaThread "build operations" [_thread_blocked, id=15127, stack(0x00007fa9932e3000,0x00007fa9933e4000)]
  0x00007fa9a8cc4800 JavaThread "Cache worker for Artifact transforms cache (/home/srikkanth/.gradle/caches/transforms-1)" [_thread_blocked, id=15126, stack(0x00007fa9935e4000,0x00007fa9936e5000)]
  0x00007fa9a8248800 JavaThread "Cache worker for file hash cache (/home/srikkanth/Downloads/FirebaseChat3/.gradle/4.1/fileHashes)" [_thread_blocked, id=15125, stack(0x00007fa9e82f6000,0x00007fa9e83f7000)]
  0x00007fa9a811d800 JavaThread "File lock request listener" [_thread_in_native, id=15124, stack(0x00007fa9e85f7000,0x00007fa9e86f8000)]
  0x00007fa9a8121000 JavaThread "Cache worker for file hash cache (/home/srikkanth/.gradle/caches/4.1/fileHashes)" [_thread_blocked, id=15123, stack(0x00007fa9e86f8000,0x00007fa9e87f9000)]
  0x00007fa9a8013800 JavaThread "Stdin handler" [_thread_blocked, id=15121, stack(0x00007fa9e89f9000,0x00007fa9e8afa000)]
  0x00007fa9a8003800 JavaThread "Asynchronous log dispatcher for DefaultDaemonConnection: socket connection from /127.0.0.1:34993 to /127.0.0.1:57928" [_thread_blocked, id=15120, stack(0x00007fa9e8afa000,0x00007fa9e8bfb000)]
  0x00007fa9ac007800 JavaThread "Daemon worker" [_thread_blocked, id=15118, stack(0x00007fa9e8bfb000,0x00007fa9e8cfc000)]
  0x00007fa9ac006800 JavaThread "Cancel handler" [_thread_blocked, id=15117, stack(0x00007fa9e8cfc000,0x00007fa9e8dfd000)]
  0x00007fa9ac001800 JavaThread "Handler for socket connection from /127.0.0.1:34993 to /127.0.0.1:57928" [_thread_in_native, id=15116, stack(0x00007fa9e8dfd000,0x00007fa9e8efe000)]
  0x00007fa9b4017000 JavaThread "Daemon" [_thread_blocked, id=15115, stack(0x00007fa9e8efe000,0x00007fa9e8fff000)]
  0x00007faa08ce1800 JavaThread "Daemon periodic checks" [_thread_blocked, id=15114, stack(0x00007fa9f00d1000,0x00007fa9f01d2000)]
  0x00007faa08cd2000 JavaThread "Incoming local TCP Connector on port 34993" [_thread_in_native, id=15113, stack(0x00007fa9f01d9000,0x00007fa9f02da000)]
  0x00007faa080e2800 JavaThread "Service Thread" daemon [_thread_blocked, id=15111, stack(0x00007fa9f8924000,0x00007fa9f8a25000)]
  0x00007faa080bd000 JavaThread "C1 CompilerThread2" daemon [_thread_blocked, id=15110, stack(0x00007fa9f8a25000,0x00007fa9f8b26000)]
  0x00007faa080bb800 JavaThread "C2 CompilerThread1" daemon [_thread_blocked, id=15109, stack(0x00007fa9f8b26000,0x00007fa9f8c27000)]
  0x00007faa080b8800 JavaThread "C2 CompilerThread0" daemon [_thread_blocked, id=15108, stack(0x00007fa9f8c27000,0x00007fa9f8d28000)]
  0x00007faa080b7000 JavaThread "Signal Dispatcher" daemon [_thread_blocked, id=15107, stack(0x00007faa0c070000,0x00007faa0c171000)]
  0x00007faa08084800 JavaThread "Finalizer" daemon [_thread_blocked, id=15106, stack(0x00007faa0c171000,0x00007faa0c272000)]
  0x00007faa08080000 JavaThread "Reference Handler" daemon [_thread_blocked, id=15105, stack(0x00007faa0c272000,0x00007faa0c373000)]
  0x00007faa0800a800 JavaThread "main" [_thread_blocked, id=15099, stack(0x00007faa11c0f000,0x00007faa11d10000)]

Other Threads:
  0x00007faa08078000 VMThread [stack: 0x00007faa0c373000,0x00007faa0c474000] [id=15104]
  0x00007faa080e5000 WatcherThread [stack: 0x00007fa9f8823000,0x00007fa9f8924000] [id=15112]

=>0x00007faa08023800 (exited) GCTaskThread [stack: 0x00007faa0e29c000,0x00007faa0e39d000] [id=15102]

VM state:at safepoint (normal execution)

VM Mutex/Monitor currently owned by a thread:  ([mutex/lock_event])
[0x00007faa08007040] Threads_lock - owner thread: 0x00007faa08078000
[0x00007faa08007540] Heap_lock - owner thread: 0x00007fa9ac007800

Heap:
 PSYoungGen      total 185856K, used 5284K [0x00000000e0000000, 0x00000000ec200000, 0x0000000100000000)
  eden space 175104K, 0% used [0x00000000e0000000,0x00000000e0000000,0x00000000eab00000)
  from space 10752K, 49% used [0x00000000eb500000,0x00000000eba292a0,0x00000000ebf80000)
  to   space 10240K, 0% used [0x00000000eab00000,0x00000000eab00000,0x00000000eb500000)
 ParOldGen       total 27648K, used 11367K [0x00000000a0000000, 0x00000000a1b00000, 0x00000000e0000000)
  object space 27648K, 41% used [0x00000000a0000000,0x00000000a0b19d60,0x00000000a1b00000)
 Metaspace       used 34495K, capacity 35192K, committed 35416K, reserved 1079296K
  class space    used 4694K, capacity 4930K, committed 4992K, reserved 1048576K

Card table byte_map: [0x00007faa0e79f000,0x00007faa0eaa0000] byte_map_base: 0x00007faa0e29f000

Marking Bits: (ParMarkBitMap*) 0x00007faa110e33e0
 Begin Bits: [0x00007fa9f1000000, 0x00007fa9f2800000)
 End Bits:   [0x00007fa9f2800000, 0x00007fa9f4000000)

Polling page: 0x00007faa11d37000

CodeCache: size=245760Kb used=11928Kb max_used=12122Kb free=233831Kb
 bounds [0x00007fa9f9000000, 0x00007fa9f9bf0000, 0x00007faa08000000]
 total_blobs=4003 nmethods=3312 adapters=605
 compilation: enabled

Compilation events (10 events):
Event: 8.530 Thread 0x00007faa080bd000 nmethod 3524 0x00007fa9f91390d0 code [0x00007fa9f9139240, 0x00007fa9f91394f8]
Event: 8.533 Thread 0x00007faa080bd000 3525       1       java.util.AbstractMap$SimpleImmutableEntry::getKey (5 bytes)
Event: 8.534 Thread 0x00007faa080bd000 nmethod 3525 0x00007fa9f9138d50 code [0x00007fa9f9138ea0, 0x00007fa9f9138fb0]
Event: 8.534 Thread 0x00007faa080bd000 3527       3       sun.reflect.Reflection::isSubclassOf (21 bytes)
Event: 8.534 Thread 0x00007faa080bd000 nmethod 3527 0x00007fa9f9331f50 code [0x00007fa9f93320c0, 0x00007fa9f93323a8]
Event: 8.534 Thread 0x00007faa080bd000 3526       3       sun.reflect.ReflectionFactory::newConstructorAccessor (132 bytes)
Event: 8.537 Thread 0x00007faa080bd000 nmethod 3526 0x00007fa9f91c5150 code [0x00007fa9f91c54c0, 0x00007fa9f91c7418]
Event: 8.542 Thread 0x00007faa080bb800 3528       4       java.util.concurrent.atomic.AtomicReferenceArray::checkedByteOffset (45 bytes)
Event: 8.542 Thread 0x00007faa080bb800 nmethod 3528 0x00007fa9f9bd3d90 code [0x00007fa9f9bd3ee0, 0x00007fa9f9bd3f98]
Event: 8.554 Thread 0x00007faa080b8800 3529       4       com.google.common.collect.MapMakerInternalMap::rehash (49 bytes)

GC Heap History (10 events):
Event: 4.433 GC heap after
Heap after GC invocations=7 (full 0):
 PSYoungGen      total 68608K, used 4052K [0x00000000e0000000, 0x00000000e8500000, 0x0000000100000000)
  eden space 59904K, 0% used [0x00000000e0000000,0x00000000e0000000,0x00000000e3a80000)
  from space 8704K, 46% used [0x00000000e3a80000,0x00000000e3e75050,0x00000000e4300000)
  to   space 8192K, 0% used [0x00000000e7d00000,0x00000000e7d00000,0x00000000e8500000)
 ParOldGen       total 40960K, used 8636K [0x00000000a0000000, 0x00000000a2800000, 0x00000000e0000000)
  object space 40960K, 21% used [0x00000000a0000000,0x00000000a086f388,0x00000000a2800000)
 Metaspace       used 20611K, capacity 21064K, committed 21248K, reserved 1067008K
  class space    used 2857K, capacity 3037K, committed 3072K, reserved 1048576K
}
Event: 4.433 GC heap before
{Heap before GC invocations=8 (full 1):
 PSYoungGen      total 68608K, used 4052K [0x00000000e0000000, 0x00000000e8500000, 0x0000000100000000)
  eden space 59904K, 0% used [0x00000000e0000000,0x00000000e0000000,0x00000000e3a80000)
  from space 8704K, 46% used [0x00000000e3a80000,0x00000000e3e75050,0x00000000e4300000)
  to   space 8192K, 0% used [0x00000000e7d00000,0x00000000e7d00000,0x00000000e8500000)
 ParOldGen       total 40960K, used 8636K [0x00000000a0000000, 0x00000000a2800000, 0x00000000e0000000)
  object space 40960K, 21% used [0x00000000a0000000,0x00000000a086f388,0x00000000a2800000)
 Metaspace       used 20611K, capacity 21064K, committed 21248K, reserved 1067008K
  class space    used 2857K, capacity 3037K, committed 3072K, reserved 1048576K
Event: 4.494 GC heap after
Heap after GC invocations=8 (full 1):
 PSYoungGen      total 68608K, used 0K [0x00000000e0000000, 0x00000000e8500000, 0x0000000100000000)
  eden space 59904K, 0% used [0x00000000e0000000,0x00000000e0000000,0x00000000e3a80000)
  from space 8704K, 0% used [0x00000000e3a80000,0x00000000e3a80000,0x00000000e4300000)
  to   space 8192K, 0% used [0x00000000e7d00000,0x00000000e7d00000,0x00000000e8500000)
 ParOldGen       total 27648K, used 6486K [0x00000000a0000000, 0x00000000a1b00000, 0x00000000e0000000)
  object space 27648K, 23% used [0x00000000a0000000,0x00000000a0655a00,0x00000000a1b00000)
 Metaspace       used 20611K, capacity 21064K, committed 21248K, reserved 1067008K
  class space    used 2857K, capacity 3037K, committed 3072K, reserved 1048576K
}
Event: 5.665 GC heap before
{Heap before GC invocations=9 (full 1):
 PSYoungGen      total 68608K, used 59904K [0x00000000e0000000, 0x00000000e8500000, 0x0000000100000000)
  eden space 59904K, 100% used [0x00000000e0000000,0x00000000e3a80000,0x00000000e3a80000)
  from space 8704K, 0% used [0x00000000e3a80000,0x00000000e3a80000,0x00000000e4300000)
  to   space 8192K, 0% used [0x00000000e7d00000,0x00000000e7d00000,0x00000000e8500000)
 ParOldGen       total 27648K, used 6486K [0x00000000a0000000, 0x00000000a1b00000, 0x00000000e0000000)
  object space 27648K, 23% used [0x00000000a0000000,0x00000000a0655a00,0x00000000a1b00000)
 Metaspace       used 25336K, capacity 25856K, committed 26240K, reserved 1071104K
  class space    used 3453K, capacity 3665K, committed 3712K, reserved 1048576K
Event: 5.685 GC heap after
Heap after GC invocations=9 (full 1):
 PSYoungGen      total 121344K, used 6673K [0x00000000e0000000, 0x00000000e8400000, 0x0000000100000000)
  eden space 114176K, 0% used [0x00000000e0000000,0x00000000e0000000,0x00000000e6f80000)
  from space 7168K, 93% used [0x00000000e7d00000,0x00000000e8384618,0x00000000e8400000)
  to   space 8704K, 0% used [0x00000000e7300000,0x00000000e7300000,0x00000000e7b80000)
 ParOldGen       total 27648K, used 6494K [0x00000000a0000000, 0x00000000a1b00000, 0x00000000e0000000)
  object space 27648K, 23% used [0x00000000a0000000,0x00000000a0657a00,0x00000000a1b00000)
 Metaspace       used 25336K, capacity 25856K, committed 26240K, reserved 1071104K
  class space    used 3453K, capacity 3665K, committed 3712K, reserved 1048576K
}
Event: 8.052 GC heap before
{Heap before GC invocations=10 (full 1):
 PSYoungGen      total 121344K, used 120849K [0x00000000e0000000, 0x00000000e8400000, 0x0000000100000000)
  eden space 114176K, 100% used [0x00000000e0000000,0x00000000e6f80000,0x00000000e6f80000)
  from space 7168K, 93% used [0x00000000e7d00000,0x00000000e8384618,0x00000000e8400000)
  to   space 8704K, 0% used [0x00000000e7300000,0x00000000e7300000,0x00000000e7b80000)
 ParOldGen       total 27648K, used 6494K [0x00000000a0000000, 0x00000000a1b00000, 0x00000000e0000000)
  object space 27648K, 23% used [0x00000000a0000000,0x00000000a0657a00,0x00000000a1b00000)
 Metaspace       used 31266K, capacity 31904K, committed 32128K, reserved 1077248K
  class space    used 4258K, capacity 4467K, committed 4480K, reserved 1048576K
Event: 8.067 GC heap after
Heap after GC invocations=10 (full 1):
 PSYoungGen      total 126464K, used 8699K [0x00000000e0000000, 0x00000000ebf80000, 0x0000000100000000)
  eden space 117760K, 0% used [0x00000000e0000000,0x00000000e0000000,0x00000000e7300000)
  from space 8704K, 99% used [0x00000000e7300000,0x00000000e7b7ec98,0x00000000e7b80000)
  to   space 10752K, 0% used [0x00000000eb500000,0x00000000eb500000,0x00000000ebf80000)
 ParOldGen       total 27648K, used 8106K [0x00000000a0000000, 0x00000000a1b00000, 0x00000000e0000000)
  object space 27648K, 29% used [0x00000000a0000000,0x00000000a07eaa00,0x00000000a1b00000)
 Metaspace       used 31266K, capacity 31904K, committed 32128K, reserved 1077248K
  class space    used 4258K, capacity 4467K, committed 4480K, reserved 1048576K
}
Event: 8.554 GC heap before
{Heap before GC invocations=11 (full 1):
 PSYoungGen      total 126464K, used 24882K [0x00000000e0000000, 0x00000000ebf80000, 0x0000000100000000)
  eden space 117760K, 13% used [0x00000000e0000000,0x00000000e0fcded0,0x00000000e7300000)
  from space 8704K, 99% used [0x00000000e7300000,0x00000000e7b7ec98,0x00000000e7b80000)
  to   space 10752K, 0% used [0x00000000eb500000,0x00000000eb500000,0x00000000ebf80000)
 ParOldGen       total 27648K, used 8106K [0x00000000a0000000, 0x00000000a1b00000, 0x00000000e0000000)
  object space 27648K, 29% used [0x00000000a0000000,0x00000000a07eaa00,0x00000000a1b00000)
 Metaspace       used 34495K, capacity 35192K, committed 35416K, reserved 1079296K
  class space    used 4694K, capacity 4930K, committed 4992K, reserved 1048576K
Event: 8.567 GC heap after
Heap after GC invocations=11 (full 1):
 PSYoungGen      total 185856K, used 5284K [0x00000000e0000000, 0x00000000ec200000, 0x0000000100000000)
  eden space 175104K, 0% used [0x00000000e0000000,0x00000000e0000000,0x00000000eab00000)
  from space 10752K, 49% used [0x00000000eb500000,0x00000000eba292a0,0x00000000ebf80000)
  to   space 10240K, 0% used [0x00000000eab00000,0x00000000eab00000,0x00000000eb500000)
 ParOldGen       total 27648K, used 11367K [0x00000000a0000000, 0x00000000a1b00000, 0x00000000e0000000)
  object space 27648K, 41% used [0x00000000a0000000,0x00000000a0b19d60,0x00000000a1b00000)
 Metaspace       used 34495K, capacity 35192K, committed 35416K, reserved 1079296K
  class space    used 4694K, capacity 4930K, committed 4992K, reserved 1048576K
}
Event: 8.567 GC heap before
{Heap before GC invocations=12 (full 2):
 PSYoungGen      total 185856K, used 5284K [0x00000000e0000000, 0x00000000ec200000, 0x0000000100000000)
  eden space 175104K, 0% used [0x00000000e0000000,0x00000000e0000000,0x00000000eab00000)
  from space 10752K, 49% used [0x00000000eb500000,0x00000000eba292a0,0x00000000ebf80000)
  to   space 10240K, 0% used [0x00000000eab00000,0x00000000eab00000,0x00000000eb500000)
 ParOldGen       total 27648K, used 11367K [0x00000000a0000000, 0x00000000a1b00000, 0x00000000e0000000)
  object space 27648K, 41% used [0x00000000a0000000,0x00000000a0b19d60,0x00000000a1b00000)
 Metaspace       used 34495K, capacity 35192K, committed 35416K, reserved 1079296K
  class space    used 4694K, capacity 4930K, committed 4992K, reserved 1048576K

Deoptimization events (10 events):
Event: 8.254 Thread 0x00007fa9ac007800 Uncommon trap: reason=null_check action=make_not_entrant pc=0x00007fa9f9b6ed2c method=java.lang.ThreadLocal$ThreadLocalMap.getEntryAfterMiss(Ljava/lang/ThreadLocal;ILjava/lang/ThreadLocal$ThreadLocalMap$Entry;)Ljava/lang/ThreadLocal$ThreadLocalMap$Entry; 
Event: 8.263 Thread 0x00007fa9ac007800 Uncommon trap: reason=class_check action=maybe_recompile pc=0x00007fa9f9b4f1e8 method=java.util.Hashtable.get(Ljava/lang/Object;)Ljava/lang/Object; @ 6
Event: 8.263 Thread 0x00007fa9ac007800 Uncommon trap: reason=class_check action=maybe_recompile pc=0x00007fa9f9b4f1e8 method=java.util.Hashtable.get(Ljava/lang/Object;)Ljava/lang/Object; @ 6
Event: 8.263 Thread 0x00007fa9ac007800 Uncommon trap: reason=class_check action=maybe_recompile pc=0x00007fa9f9b4f1e8 method=java.util.Hashtable.get(Ljava/lang/Object;)Ljava/lang/Object; @ 6
Event: 8.263 Thread 0x00007fa9ac007800 Uncommon trap: reason=class_check action=maybe_recompile pc=0x00007fa9f9b4f1e8 method=java.util.Hashtable.get(Ljava/lang/Object;)Ljava/lang/Object; @ 6
Event: 8.283 Thread 0x00007fa9ac007800 Uncommon trap: reason=bimorphic action=maybe_recompile pc=0x00007fa9f96d7e30 method=org.codehaus.groovy.runtime.metaclass.MetaMethodIndex.addMethodToList(Ljava/lang/Object;Lgroovy/lang/MetaMethod;)Ljava/lang/Object; @ 96
Event: 8.283 Thread 0x00007fa9ac007800 Uncommon trap: reason=unstable_if action=reinterpret pc=0x00007fa9f9a58388 method=groovy.lang.MetaClassImpl$1MOPIter.methodNameAction(Ljava/lang/Class;Lorg/codehaus/groovy/runtime/metaclass/MetaMethodIndex$Entry;)V @ 259
Event: 8.414 Thread 0x00007fa9ac007800 Uncommon trap: reason=unstable_if action=reinterpret pc=0x00007fa9f9b2cfd4 method=java.lang.Integer.valueOf(I)Ljava/lang/Integer; @ 3
Event: 8.417 Thread 0x00007fa9ac007800 Uncommon trap: reason=predicate action=maybe_recompile pc=0x00007fa9f91d8288 method=java.util.Arrays.binarySearch0([Ljava/lang/Object;IILjava/lang/Object;Ljava/util/Comparator;)I @ 28
Event: 8.463 Thread 0x00007fa9ac007800 Uncommon trap: reason=unstable_if action=reinterpret pc=0x00007fa9f94a043c method=sun.misc.MetaIndex.mayContain(Ljava/lang/String;)Z @ 38

Classes redefined (0 events):
No events

Internal exceptions (10 events):
Event: 8.285 Thread 0x00007fa9ac007800 Exception <a 'java/lang/ClassNotFoundException': org/gradle/api/internal/project/DefaultAntBuilderBeanInfo> (0x00000000e07492f8) thrown at [/ssd/Android/AOSP-openjdk-git/jdk8u/hotspot/src/share/vm/classfile/systemDictionary.cpp, line 210]
Event: 8.286 Thread 0x00007fa9ac007800 Exception <a 'java/lang/ClassNotFoundException': org/gradle/api/internal/project/ant/BasicAntBuilderBeanInfo> (0x00000000e0777368) thrown at [/ssd/Android/AOSP-openjdk-git/jdk8u/hotspot/src/share/vm/classfile/systemDictionary.cpp, line 210]
Event: 8.287 Thread 0x00007fa9ac007800 Exception <a 'java/lang/ClassNotFoundException': org/gradle/api/AntBuilderBeanInfo> (0x00000000e0797a00) thrown at [/ssd/Android/AOSP-openjdk-git/jdk8u/hotspot/src/share/vm/classfile/systemDictionary.cpp, line 210]
Event: 8.288 Thread 0x00007fa9ac007800 Exception <a 'java/lang/ClassNotFoundException': groovy/util/AntBuilderBeanInfo> (0x00000000e07b6b68) thrown at [/ssd/Android/AOSP-openjdk-git/jdk8u/hotspot/src/share/vm/classfile/systemDictionary.cpp, line 210]
Event: 8.288 Thread 0x00007fa9ac007800 Exception <a 'java/lang/ClassNotFoundException': groovy/util/BuilderSupportBeanInfo> (0x00000000e07d71d8) thrown at [/ssd/Android/AOSP-openjdk-git/jdk8u/hotspot/src/share/vm/classfile/systemDictionary.cpp, line 210]
Event: 8.289 Thread 0x00007fa9ac007800 Exception <a 'java/lang/ClassNotFoundException': groovy/util/BuilderSupportCustomizer> (0x00000000e07f96f0) thrown at [/ssd/Android/AOSP-openjdk-git/jdk8u/hotspot/src/share/vm/classfile/systemDictionary.cpp, line 210]
Event: 8.289 Thread 0x00007fa9ac007800 Exception <a 'java/lang/ClassNotFoundException': groovy/util/AntBuilderCustomizer> (0x00000000e081ca80) thrown at [/ssd/Android/AOSP-openjdk-git/jdk8u/hotspot/src/share/vm/classfile/systemDictionary.cpp, line 210]
Event: 8.290 Thread 0x00007fa9ac007800 Exception <a 'java/lang/ClassNotFoundException': org/gradle/api/AntBuilderCustomizer> (0x00000000e0844f98) thrown at [/ssd/Android/AOSP-openjdk-git/jdk8u/hotspot/src/share/vm/classfile/systemDictionary.cpp, line 210]
Event: 8.292 Thread 0x00007fa9ac007800 Exception <a 'java/lang/ClassNotFoundException': org/gradle/api/internal/project/ant/BasicAntBuilderCustomizer> (0x00000000e0881508) thrown at [/ssd/Android/AOSP-openjdk-git/jdk8u/hotspot/src/share/vm/classfile/systemDictionary.cpp, line 210]
Event: 8.293 Thread 0x00007fa9ac007800 Exception <a 'java/lang/ClassNotFoundException': org/gradle/api/internal/project/DefaultAntBuilderCustomizer> (0x00000000e08c45b8) thrown at [/ssd/Android/AOSP-openjdk-git/jdk8u/hotspot/src/share/vm/classfile/systemDictionary.cpp, line 210]

Events (10 events):
Event: 8.553 loading class com/google/gson/JsonIOException done
Event: 8.554 loading class com/google/gson/JsonSyntaxException
Event: 8.554 loading class com/google/gson/JsonSyntaxException done
Event: 8.554 loading class com/google/gson/Gson$5
Event: 8.554 loading class com/google/gson/Gson$5 done
Event: 8.554 loading class com/google/gson/Gson$4
Event: 8.554 loading class com/google/gson/Gson$4 done
Event: 8.554 loading class com/google/gson/JsonNull
Event: 8.554 loading class com/google/gson/JsonNull done
Event: 8.554 Executing VM operation: CollectForMetadataAllocation


Dynamic libraries:
00400000-00401000 r-xp 00000000 08:07 3416962                            /home/srikkanth/Documents/android-studio/jre/bin/java
00600000-00601000 r--p 00000000 08:07 3416962                            /home/srikkanth/Documents/android-studio/jre/bin/java
00601000-00602000 rw-p 00001000 08:07 3416962                            /home/srikkanth/Documents/android-studio/jre/bin/java
01982000-019a3000 rw-p 00000000 00:00 0                                  [heap]
a0000000-a1b00000 rw-p 00000000 00:00 0 
a1b00000-e0000000 ---p 00000000 00:00 0 
e0000000-ec200000 rw-p 00000000 00:00 0 
ec200000-100000000 ---p 00000000 00:00 0 
100000000-1004e0000 rw-p 00000000 00:00 0 
1004e0000-140000000 ---p 00000000 00:00 0 
7fa978000000-7fa978021000 rw-p 00000000 00:00 0 
7fa978021000-7fa97c000000 ---p 00000000 00:00 0 
7fa97c000000-7fa97c021000 rw-p 00000000 00:00 0 
7fa97c021000-7fa980000000 ---p 00000000 00:00 0 
7fa980000000-7fa980021000 rw-p 00000000 00:00 0 
7fa980021000-7fa984000000 ---p 00000000 00:00 0 
7fa984000000-7fa984021000 rw-p 00000000 00:00 0 
7fa984021000-7fa988000000 ---p 00000000 00:00 0 
7fa988000000-7fa988021000 rw-p 00000000 00:00 0 
7fa988021000-7fa98c000000 ---p 00000000 00:00 0 
7fa98c000000-7fa98c021000 rw-p 00000000 00:00 0 
7fa98c021000-7fa990000000 ---p 00000000 00:00 0 
7fa9928aa000-7fa992a60000 rw-p 00000000 00:00 0 
7fa992a60000-7fa992aaa000 ---p 00000000 00:00 0 
7fa992aaa000-7fa992ab5000 r--s 00081000 08:07 3684761                    /home/srikkanth/.gradle/caches/jars-3/fc6e889a0f45cc9752787eb60f920103/trove4j-20160824.jar
7fa992ab5000-7fa992b38000 r--s 00758000 08:07 3684759                    /home/srikkanth/.gradle/caches/jars-3/b46ab84062ddfd52701cfe0a9718e764/intellij-core-26.0.1.jar
7fa992b38000-7fa992b3e000 r--s 00033000 08:07 3684757                    /home/srikkanth/.gradle/caches/jars-3/f96c897d327ea500d64fe3af2833bd50/commons-codec-1.6.jar
7fa992b3e000-7fa992b40000 r--s 0000d000 08:07 3684755                    /home/srikkanth/.gradle/caches/jars-3/ccc849edcf9fccd61ed937bf93ffe896/commons-logging-1.1.1.jar
7fa992b40000-7fa992b46000 r--s 00032000 08:07 3684753                    /home/srikkanth/.gradle/caches/jars-3/72e344059d1923829968d0d38b0c3c72/httpcore-4.2.5.jar
7fa992b46000-7fa992b47000 r--s 00004000 08:07 3684751                    /home/srikkanth/.gradle/caches/jars-3/3a4299d1ce3e273e7c03a9ccf5a1e333/annotations-12.0.jar
7fa992b47000-7fa992b48000 r--s 00000000 08:07 3684749                    /home/srikkanth/.gradle/caches/jars-3/0e2fbc3b8c56d2975eca90c524790c13/animal-sniffer-annotations-1.14.jar
7fa992b48000-7fa992b4a000 r--s 00001000 08:07 3684747                    /home/srikkanth/.gradle/caches/jars-3/ad41f8f3ac67c0323ce9eb1c20c8dc3f/j2objc-annotations-1.1.jar
7fa992b4a000-7fa992b4b000 r--s 00002000 08:07 3684745                    /home/srikkanth/.gradle/caches/jars-3/9edb0f46b907c34c4718edabde6c791c/error_prone_annotations-2.0.18.jar
7fa992b4b000-7fa992b4e000 r--s 00006000 08:07 3684743                    /home/srikkanth/.gradle/caches/jars-3/b58a9bc3bbba42132e4abc0bacae8da1/jsr305-1.3.9.jar
7fa992b4e000-7fa992b4f000 r--s 0000a000 08:07 3684741                    /home/srikkanth/.gradle/caches/jars-3/5b8b36ed61fe92731031cca3c9b3a0b3/kxml2-2.3.0.jar
7fa992b4f000-7fa992b51000 r--s 00005000 08:07 3684739                    /home/srikkanth/.gradle/caches/jars-3/f10e1e1978816198f2eb1189c974b440/httpmime-4.1.jar
7fa992b51000-7fa992b5b000 r--s 00061000 08:07 3684737                    /home/srikkanth/.gradle/caches/jars-3/bc4b2527f35dc983f759e8f85f3f8d52/httpclient-4.2.6.jar
7fa992b5b000-7fa992b64000 r--s 00064000 08:07 3684735                    /home/srikkanth/.gradle/caches/jars-3/fc37c717528c2a0d27f3e3621835f781/commons-compress-1.12.jar
7fa992b64000-7fa992b69000 r--s 0002e000 08:07 3684733                    /home/srikkanth/.gradle/caches/jars-3/c5bcda7f6f4809e9c92270f99e51f154/gson-2.3.jar
7fa992b69000-7fa992b79000 r--s 000d6000 08:07 3684731                    /home/srikkanth/.gradle/caches/jars-3/dbdb8caed2514263a34702cc763c6785/proguard-base-5.3.3.jar
7fa992b79000-7fa992b7b000 r--s 00003000 08:07 3684729                    /home/srikkanth/.gradle/caches/jars-3/01ab8600ebbfdcaf9b89b45c2b992e82/annotations-13.0.jar
7fa992b7b000-7fa992b7c000 r--s 00001000 08:07 3684727                    /home/srikkanth/.gradle/caches/jars-3/dccac9b7f67766e57200b1770178f61c/annotations-26.0.1.jar
7fa992b7c000-7fa992b7f000 r--s 00033000 08:07 3684725                    /home/srikkanth/.gradle/caches/jars-3/0ce03714647bf7bd3c78634c20ddbf38/juniversalchardet-1.0.3.jar
7fa992b7f000-7fa992b83000 r--s 0002a000 08:07 3684723                    /home/srikkanth/.gradle/caches/jars-3/9849af6d4b0409ba64061601342f385d/commons-io-2.4.jar
7fa992b83000-7fa992b9a000 r--s 00154000 08:07 3684721                    /home/srikkanth/.gradle/caches/jars-3/57adf9abd30c921d4ea1dfdcfe7b9efd/antlr4-4.5.3.jar
7fa992b9a000-7fa992b9b000 r--s 00003000 08:07 3684719                    /home/srikkanth/.gradle/caches/jars-3/54a15dd332fd4c2e246ad396835dc0d2/baseLibrary-3.0.1.jar
7fa992b9b000-7fa992bcb000 r--s 00245000 08:07 3684717                    /home/srikkanth/.gradle/caches/jars-3/8e27cdebb49ba2f804f9403d90aaaac5/guava-22.0.jar
7fa992bcb000-7fa992bd3000 r--s 000a8000 08:07 3684715                    /home/srikkanth/.gradle/caches/jars-3/6cc57ce9ec0d90186f781694264d61bc/lombok-ast-0.2.3.jar
7fa992bd3000-7fa992bd7000 r--s 0002f000 08:07 3684713                    /home/srikkanth/.gradle/caches/jars-3/505fcc8c47da308b2f1262f0ff3c65f1/jimfs-1.1.jar
7fa992bd7000-7fa992bea000 r--s 00241000 08:07 3684711                    /home/srikkanth/.gradle/caches/jars-3/d8dc71eb6d91c966c45f7b594129e14a/ecj-4.6.1.jar
7fa992bea000-7fa992beb000 r--s 00003000 08:07 3684709                    /home/srikkanth/.gradle/caches/jars-3/fdb8f5ebd6a086c4818336712b830716/json-simple-1.1.jar
7fa992beb000-7fa992d10000 r--s 00f5d000 08:07 3684707                    /home/srikkanth/.gradle/caches/jars-3/dfd566a90e18a0aa75879c33e0731ab8/fastutil-7.2.0.jar
7fa992d10000-7fa992d5b000 r--s 002ff000 08:07 3684705                    /home/srikkanth/.gradle/caches/jars-3/d3d44e9a7fcb4a86fb40775c385dd3d0/bcprov-jdk15on-1.56.jar
7fa992d5b000-7fa992d6c000 r--s 00097000 08:07 3684703                    /home/srikkanth/.gradle/caches/jars-3/59ebb77d99c5ca0e24bb23272e0329dd/bcpkix-jdk15on-1.56.jar
7fa992d6c000-7fa992d6e000 r--s 00002000 08:07 3684701                    /home/srikkanth/.gradle/caches/jars-3/f268e5e8fc83bb846ac355d6a16b1f30/javawriter-2.5.0.jar
7fa992d6e000-7fa992d73000 r--s 0003b000 08:07 3684699                    /home/srikkanth/.gradle/caches/jars-3/91bf67441f6ac57ccbb374f99f9ed0fc/apksig-3.0.1.jar
7fa992d73000-7fa992d76000 r--s 00024000 08:07 3684697                    /home/srikkanth/.gradle/caches/jars-3/04183dcd1bde85515b23d1bbd46ea9bc/common-26.0.1.jar
7fa992d76000-7fa992d78000 r--s 00006000 08:07 3684695                    /home/srikkanth/.gradle/caches/jars-3/a0ea702af2bdb16dfa1a50969b155dea/dvlib-26.0.1.jar
7fa992d78000-7fa992d7b000 r--s 00014000 08:07 3684693                    /home/srikkanth/.gradle/caches/jars-3/6abb718b4b844aa0386163f0c2f6eb72/layoutlib-api-26.0.1.jar
7fa992d7b000-7fa992d80000 r--s 0004d000 08:07 3684691                    /home/srikkanth/.gradle/caches/jars-3/65a80584522712b8832b7c1c03186c4b/ddmlib-26.0.1.jar
7fa992d80000-7fa992d81000 r--s 00003000 08:07 3684689                    /home/srikkanth/.gradle/caches/jars-3/af01854c900e4906a368ef59064a245d/builder-test-api-3.0.1.jar
7fa992d81000-7fa992d84000 r--s 00007000 08:07 3684687                    /home/srikkanth/.gradle/caches/jars-3/124ec36ab4edce0919b54d1123daa364/builder-model-3.0.1.jar
7fa992d84000-7fa992d93000 r--s 00130000 08:07 3684685                    /home/srikkanth/.gradle/caches/jars-3/72ba1443c6adcea1f6ba21e12f0bb0fc/protobuf-java-3.0.0.jar
7fa992d93000-7fa992da6000 r--s 001a8000 08:07 3684683                    /home/srikkanth/.gradle/caches/jars-3/a1cbdfb97e256e71fcbd29dc4584a785/protos-26.0.1.jar
7fa992da6000-7fa992da8000 r--s 00004000 08:07 3684679                    /home/srikkanth/.gradle/caches/jars-3/07f12c2b6f66ca8d4d6bd02e9c9b060a/tracker-26.0.1.jar
7fa992da8000-7fa992daa000 r--s 00002000 08:07 3684677                    /home/srikkanth/.gradle/caches/jars-3/e91624d2ed1c3b55eec9fd768ed13c1d/proguard-gradle-5.3.3.jar
7fa992daa000-7fa992dae000 r--s 0001e000 08:07 3684673                    /home/srikkanth/.gradle/caches/jars-3/0d3e95aba631209a078aeec58a76633d/org.jacoco.core-0.7.4.201502262128.jar
7fa992dae000-7fa992de0000 r--s 0021b000 08:07 3548791                    /home/srikkanth/.gradle/caches/jars-3/24b2127528a18b338af82ff7ea236d45/kotlin-reflect-1.1.3-2.jar
7fa992de0000-7fa992fe0000 rw-p 00000000 00:00 0 
7fa992fe0000-7fa992fe3000 ---p 00000000 00:00 0 
7fa992fe3000-7fa9930e1000 rw-p 00000000 00:00 0 
7fa9930e1000-7fa9930e4000 ---p 00000000 00:00 0 
7fa9930e4000-7fa9931e2000 rw-p 00000000 00:00 0 
7fa9931e2000-7fa9931e5000 ---p 00000000 00:00 0 
7fa9931e5000-7fa9932e3000 rw-p 00000000 00:00 0 
7fa9932e3000-7fa9932e6000 ---p 00000000 00:00 0 
7fa9932e6000-7fa9935e4000 rw-p 00000000 00:00 0 
7fa9935e4000-7fa9935e7000 ---p 00000000 00:00 0 
7fa9935e7000-7fa9938e5000 rw-p 00000000 00:00 0 
7fa9938e5000-7fa993ae5000 rw-p 00000000 00:00 0 
7fa993ae5000-7fa993ce5000 rw-p 00000000 00:00 0 
7fa993ce5000-7fa993ee5000 rw-p 00000000 00:00 0 
7fa993ee5000-7fa994000000 r--s 02008000 08:07 3684913                    /home/srikkanth/.gradle/caches/jars-3/9955734f77abc673a38c7cd4c0214af5/android.jar
7fa994000000-7fa9940a8000 rw-p 00000000 00:00 0 
7fa9940a8000-7fa998000000 ---p 00000000 00:00 0 
7fa998000000-7fa998021000 rw-p 00000000 00:00 0 
7fa998021000-7fa99c000000 ---p 00000000 00:00 0 
7fa99c000000-7fa99c27e000 rw-p 00000000 00:00 0 
7fa99c27e000-7fa9a0000000 ---p 00000000 00:00 0 
7fa9a0000000-7fa9a0021000 rw-p 00000000 00:00 0 
7fa9a0021000-7fa9a4000000 ---p 00000000 00:00 0 
7fa9a4000000-7fa9a4021000 rw-p 00000000 00:00 0 
7fa9a4021000-7fa9a8000000 ---p 00000000 00:00 0 
7fa9a8000000-7fa9a927d000 rw-p 00000000 00:00 0 
7fa9a927d000-7fa9ac000000 ---p 00000000 00:00 0 
7fa9ac000000-7fa9ac021000 rw-p 00000000 00:00 0 
7fa9ac021000-7fa9b0000000 ---p 00000000 00:00 0 
7fa9b0000000-7fa9b002c000 rw-p 00000000 00:00 0 
7fa9b002c000-7fa9b4000000 ---p 00000000 00:00 0 
7fa9b4000000-7fa9b4078000 rw-p 00000000 00:00 0 
7fa9b4078000-7fa9b8000000 ---p 00000000 00:00 0 
7fa9b8000000-7fa9b8021000 rw-p 00000000 00:00 0 
7fa9b8021000-7fa9bc000000 ---p 00000000 00:00 0 
7fa9bc000000-7fa9bc021000 rw-p 00000000 00:00 0 
7fa9bc021000-7fa9c0000000 ---p 00000000 00:00 0 
7fa9c0000000-7fa9c0021000 rw-p 00000000 00:00 0 
7fa9c0021000-7fa9c4000000 ---p 00000000 00:00 0 
7fa9c4000000-7fa9c5bdf000 rw-p 00000000 00:00 0 
7fa9c5bdf000-7fa9c8000000 ---p 00000000 00:00 0 
7fa9c8000000-7fa9c8989000 rw-p 00000000 00:00 0 
7fa9c8989000-7fa9cc000000 ---p 00000000 00:00 0 
7fa9cc000000-7fa9cc021000 rw-p 00000000 00:00 0 
7fa9cc021000-7fa9d0000000 ---p 00000000 00:00 0 
7fa9d0000000-7fa9d1d38000 rw-p 00000000 00:00 0 
7fa9d1d38000-7fa9d4000000 ---p 00000000 00:00 0 
7fa9d4000000-7fa9d4021000 rw-p 00000000 00:00 0 
7fa9d4021000-7fa9d8000000 ---p 00000000 00:00 0 
7fa9d8000000-7fa9d8021000 rw-p 00000000 00:00 0 
7fa9d8021000-7fa9dc000000 ---p 00000000 00:00 0 
7fa9dc000000-7fa9dc289000 rw-p 00000000 00:00 0 
7fa9dc289000-7fa9e0000000 ---p 00000000 00:00 0 
7fa9e0000000-7fa9e0021000 rw-p 00000000 00:00 0 
7fa9e0021000-7fa9e4000000 ---p 00000000 00:00 0 
7fa9e4000000-7fa9e4021000 rw-p 00000000 00:00 0 
7fa9e4021000-7fa9e8000000 ---p 00000000 00:00 0 
7fa9e8000000-7fa9e8001000 r--s 00005000 08:07 3684681                    /home/srikkanth/.gradle/caches/jars-3/ca5180624b528b15325a5d002dbfbb6d/shared-26.0.1.jar
7fa9e8001000-7fa9e8003000 r--s 0000f000 08:07 3684675                    /home/srikkanth/.gradle/caches/jars-3/96760c32d36a5d7066e3ccf088bfd362/jopt-simple-4.9.jar
7fa9e8003000-7fa9e8006000 r--s 00020000 08:07 3684671                    /home/srikkanth/.gradle/caches/jars-3/c72fc284d34f39eab57a4e3ba83405e9/org.jacoco.report-0.7.4.201502262128.jar
7fa9e8006000-7fa9e8008000 r--s 0000c000 08:07 3548805                    /home/srikkanth/.gradle/caches/jars-3/9b0a36633c92c6e87e62c81734593183/asm-5.1.jar
7fa9e8008000-7fa9e800a000 r--s 00006000 08:07 3548803                    /home/srikkanth/.gradle/caches/jars-3/50c8a7da333c41693b2b7ce95b6d9d89/asm-tree-5.1.jar
7fa9e800a000-7fa9e800b000 r--s 0000a000 08:07 3548801                    /home/srikkanth/.gradle/caches/jars-3/c4f1f1d5a624f981d35a78d181e2c418/asm-util-5.1.jar
7fa9e800b000-7fa9e800d000 r--s 0000a000 08:07 3548799                    /home/srikkanth/.gradle/caches/jars-3/d37aa405961c464c627b1efe5def81b8/asm-commons-5.1.jar
7fa9e800d000-7fa9e801c000 r--s 000c8000 08:07 3548793                    /home/srikkanth/.gradle/caches/jars-3/af931fae44e009148423077fa09abbd1/kotlin-stdlib-1.1.3-2.jar
7fa9e801c000-7fa9e8027000 r--s 0009b000 08:07 3548787                    /home/srikkanth/.gradle/caches/jars-3/af771564c510a1c104220a8be892ab2d/sdklib-26.0.1.jar
7fa9e8027000-7fa9e8036000 r--s 000da000 08:07 3548785                    /home/srikkanth/.gradle/caches/jars-3/50767da85151ce151711c301f4a0623c/sdk-common-26.0.1.jar
7fa9e8036000-7fa9e8045000 r--s 000cb000 08:07 3548777                    /home/srikkanth/.gradle/caches/jars-3/e5c09abb4b0acf0785ecd8a8015ab959/uast-26.0.1.jar
7fa9e8045000-7fa9e8087000 r--s 00220000 08:07 3420132                    /home/srikkanth/.gradle/caches/jars-3/929747bc6b973b44297e9c57df71598d/gradle-core-3.5.jar
7fa9e8087000-7fa9e8088000 r--s 00004000 08:07 3548797                    /home/srikkanth/.gradle/caches/jars-3/2b2689d10a4425b1cb2d0654db2ea088/asm-analysis-5.1.jar
7fa9e8088000-7fa9e8089000 r--s 00000000 08:07 3548795                    /home/srikkanth/.gradle/caches/jars-3/5206138fb8a6b2ffbd31e140916c2100/transform-api-2.0.0-deprecated-use-gradle-api.jar
7fa9e8089000-7fa9e808f000 r--s 00030000 08:07 3548789                    /home/srikkanth/.gradle/caches/jars-3/90ec49f8b88710e2876aefe447609abb/repository-26.0.1.jar
7fa9e808f000-7fa9e8093000 r--s 00023000 08:07 3548783                    /home/srikkanth/.gradle/caches/jars-3/186e268c3a12c0a405d658dabf9d64d2/manifest-merger-26.0.1.jar
7fa9e8093000-7fa9e809a000 r--s 0007f000 08:07 3548775                    /home/srikkanth/.gradle/caches/jars-3/b1f5a73634581e955e7f89376aea2d48/lint-api-26.0.1.jar
7fa9e809a000-7fa9e80a3000 r--s 000ff000 08:07 3548773                    /home/srikkanth/.gradle/caches/jars-3/75e696a5531ca85e1fe447df83f74bd2/lint-checks-26.0.1.jar
7fa9e80a3000-7fa9e80d3000 r--s 01983000 08:07 3548769                    /home/srikkanth/.gradle/caches/jars-3/add7f1627b730db059119a8274a10c21/builder-3.0.1.jar
7fa9e80d3000-7fa9e80f6000 r--s 0020b000 08:07 3548767                    /home/srikkanth/.gradle/caches/jars-3/4adae2b762c8552c6e3aa2ded1493e4b/gradle-core-3.0.1.jar
7fa9e80f6000-7fa9e82f6000 rw-p 00000000 00:00 0 
7fa9e82f6000-7fa9e82f9000 ---p 00000000 00:00 0 
7fa9e82f9000-7fa9e85f7000 rw-p 00000000 00:00 0 
7fa9e85f7000-7fa9e85fa000 ---p 00000000 00:00 0 
7fa9e85fa000-7fa9e86f8000 rw-p 00000000 00:00 0 
7fa9e86f8000-7fa9e86fb000 ---p 00000000 00:00 0 
7fa9e86fb000-7fa9e89f9000 rw-p 00000000 00:00 0 
7fa9e89f9000-7fa9e89fc000 ---p 00000000 00:00 0 
7fa9e89fc000-7fa9e8afa000 rw-p 00000000 00:00 0 
7fa9e8afa000-7fa9e8afd000 ---p 00000000 00:00 0 
7fa9e8afd000-7fa9e8bfb000 rw-p 00000000 00:00 0 
7fa9e8bfb000-7fa9e8bfe000 ---p 00000000 00:00 0 
7fa9e8bfe000-7fa9e8cfc000 rw-p 00000000 00:00 0 
7fa9e8cfc000-7fa9e8cff000 ---p 00000000 00:00 0 
7fa9e8cff000-7fa9e8dfd000 rw-p 00000000 00:00 0 
7fa9e8dfd000-7fa9e8e00000 ---p 00000000 00:00 0 
7fa9e8e00000-7fa9e8efe000 rw-p 00000000 00:00 0 
7fa9e8efe000-7fa9e8f01000 ---p 00000000 00:00 0 
7fa9e8f01000-7fa9ec000000 rw-p 00000000 00:00 0 
7fa9ec000000-7fa9ec036000 rw-p 00000000 00:00 0 
7fa9ec036000-7fa9f0000000 ---p 00000000 00:00 0 
7fa9f0000000-7fa9f0004000 r--s 0002e000 08:07 3548781                    /home/srikkanth/.gradle/caches/jars-3/c519ce7b2f3637e909703f541c08c445/compilerCommon-3.0.1.jar
7fa9f0004000-7fa9f0006000 r--s 00003000 08:07 3548779                    /home/srikkanth/.gradle/caches/jars-3/34cfdbf6cad3f54cc2f45521bf0374e7/gradle-api-3.0.1.jar
7fa9f0006000-7fa9f0009000 r--s 00039000 08:07 3548771                    /home/srikkanth/.gradle/caches/jars-3/7fa6c4fcdd1d81db4cc9c7439ce29486/lint-26.0.1.jar
7fa9f0009000-7fa9f000b000 r--s 0000d000 08:07 415608                     /home/srikkanth/.gradle/caches/modules-2/files-2.1/com.google.gms/google-services/4.0.1/a9fdd01c6f67fa7d12cc156a7a20a5086fbd1287/google-services-4.0.1.jar
7fa9f000b000-7fa9f000d000 r--s 0000f000 08:07 3548765                    /home/srikkanth/.gradle/caches/jars-3/afd86a0d8507fd7f2e97461eaf9e4416/gradle-3.0.1.jar
7fa9f000d000-7fa9f0014000 r--s 0002a000 08:07 3420136                    /home/srikkanth/.gradle/caches/jars-3/fff47aec37b967e571b648d1fc9c6db6/gradle-messaging-3.5.jar
7fa9f0014000-7fa9f0019000 r--s 00041000 08:07 3420134                    /home/srikkanth/.gradle/caches/jars-3/c0502f5c2cf6dfd52d250e1b7d027d24/commons-lang-2.6.jar
7fa9f0019000-7fa9f0022000 r--s 00047000 08:07 3420130                    /home/srikkanth/.gradle/caches/jars-3/11d06a5dce89fe5632250b7df00a3d57/gradle-base-services-3.5.jar
7fa9f0022000-7fa9f004a000 r--s 001cf000 08:07 3420128                    /home/srikkanth/.gradle/caches/jars-3/566e7e0f530f75a42eba4833ef84d88c/guava-jdk5-17.0.jar
7fa9f004a000-7fa9f0058000 r--s 00043000 08:07 3420126                    /home/srikkanth/.gradle/caches/jars-3/c0d1da18a547ef3a2ba66d3068ae6e09/gradle-tooling-api-3.5.jar
7fa9f0058000-7fa9f00d1000 r--s 010fd000 08:07 3417015                    /home/srikkanth/Documents/android-studio/jre/lib/tools.jar
7fa9f00d1000-7fa9f00d4000 ---p 00000000 00:00 0 
7fa9f00d4000-7fa9f01d2000 rw-p 00000000 00:00 0 
7fa9f01d2000-7fa9f01d9000 r--s 00000000 08:07 3019430                    /usr/lib/x86_64-linux-gnu/gconv/gconv-modules.cache
7fa9f01d9000-7fa9f01dc000 ---p 00000000 00:00 0 
7fa9f01dc000-7fa9f02da000 rw-p 00000000 00:00 0 
7fa9f02da000-7fa9f02df000 r--s 0009a000 08:07 3417140                    /home/srikkanth/Documents/android-studio/jre/jre/lib/jsse.jar
7fa9f02df000-7fa9f04df000 rw-p 00000000 00:00 0 
7fa9f04df000-7fa9f04e8000 r-xp 00000000 08:07 3417093                    /home/srikkanth/Documents/android-studio/jre/jre/lib/amd64/libmanagement.so
7fa9f04e8000-7fa9f06e7000 ---p 00009000 08:07 3417093                    /home/srikkanth/Documents/android-studio/jre/jre/lib/amd64/libmanagement.so
7fa9f06e7000-7fa9f06e8000 r--p 00008000 08:07 3417093                    /home/srikkanth/Documents/android-studio/jre/jre/lib/amd64/libmanagement.so
7fa9f06e8000-7fa9f06e9000 rw-p 00009000 08:07 3417093                    /home/srikkanth/Documents/android-studio/jre/jre/lib/amd64/libmanagement.so
7fa9f06e9000-7fa9f06eb000 r--s 00007000 08:07 3418821                    /home/srikkanth/.gradle/wrapper/dists/gradle-4.1-all/bzyivzo6n839fup2jbap0tjew/gradle-4.1/lib/plugins/gradle-tooling-api-builders-4.1.jar
7fa9f06eb000-7fa9f06ee000 r--s 00009000 08:07 3418831                    /home/srikkanth/.gradle/wrapper/dists/gradle-4.1-all/bzyivzo6n839fup2jbap0tjew/gradle-4.1/lib/plugins/gradle-testing-native-4.1.jar
7fa9f06ee000-7fa9f06f0000 r--s 00009000 08:07 3418904                    /home/srikkanth/.gradle/wrapper/dists/gradle-4.1-all/bzyivzo6n839fup2jbap0tjew/gradle-4.1/lib/plugins/hamcrest-core-1.3.jar
7fa9f06f0000-7fa9f06f5000 r--s 00040000 08:07 3418899                    /home/srikkanth/.gradle/wrapper/dists/gradle-4.1-all/bzyivzo6n839fup2jbap0tjew/gradle-4.1/lib/plugins/bsh-2.0b4.jar
7fa9f06f5000-7fa9f06f7000 r--s 00006000 08:07 3418900                    /home/srikkanth/.gradle/wrapper/dists/gradle-4.1-all/bzyivzo6n839fup2jbap0tjew/gradle-4.1/lib/plugins/jcommander-1.12.jar
7fa9f06f7000-7fa9f06fd000 r--s 00033000 08:07 3418901                    /home/srikkanth/.gradle/wrapper/dists/gradle-4.1-all/bzyivzo6n839fup2jbap0tjew/gradle-4.1/lib/plugins/snakeyaml-1.6.jar
7fa9f06fd000-7fa9f0706000 r--s 00089000 08:07 3418859                    /home/srikkanth/.gradle/wrapper/dists/gradle-4.1-all/bzyivzo6n839fup2jbap0tjew/gradle-4.1/lib/plugins/testng-6.3.1.jar
7fa9f0706000-7fa9f070e000 r--s 00045000 08:07 3418860                    /home/srikkanth/.gradle/wrapper/dists/gradle-4.1-all/bzyivzo6n839fup2jbap0tjew/gradle-4.1/lib/plugins/junit-4.12.jar
7fa9f070e000-7fa9f0714000 r--s 0002e000 08:07 3418827                    /home/srikkanth/.gradle/wrapper/dists/gradle-4.1-all/bzyivzo6n839fup2jbap0tjew/gradle-4.1/lib/plugins/gradle-testing-jvm-4.1.jar
7fa9f0714000-7fa9f0718000 r--s 00017000 08:07 3418835                    /home/srikkanth/.gradle/wrapper/dists/gradle-4.1-all/bzyivzo6n839fup2jbap0tjew/gradle-4.1/lib/plugins/gradle-testing-base-4.1.jar
7fa9f0718000-7fa9f071f000 r--s 00038000 08:07 3418855                    /home/srikkanth/.gradle/wrapper/dists/gradle-4.1-all/bzyivzo6n839fup2jbap0tjew/gradle-4.1/lib/plugins/bcpg-jdk15on-1.51.jar
7fa9f071f000-7fa9f0721000 r--s 0000c000 08:07 3418806                    /home/srikkanth/.gradle/wrapper/dists/gradle-4.1-all/bzyivzo6n839fup2jbap0tjew/gradle-4.1/lib/plugins/gradle-signing-4.1.jar
7fa9f0721000-7fa9f0723000 r--s 00007000 08:07 3418812                    /home/srikkanth/.gradle/wrapper/dists/gradle-4.1-all/bzyivzo6n839fup2jbap0tjew/gradle-4.1/lib/plugins/gradle-scala-4.1.jar
7fa9f0723000-7fa9f0724000 r--s 00004000 08:07 3418843                    /home/srikkanth/.gradle/wrapper/dists/gradle-4.1-all/bzyivzo6n839fup2jbap0tjew/gradle-4.1/lib/plugins/gradle-resources-sftp-4.1.jar
7fa9f0724000-7fa9f0734000 r--s 00088000 08:07 3418872                    /home/srikkanth/.gradle/wrapper/dists/gradle-4.1-all/bzyivzo6n839fup2jbap0tjew/gradle-4.1/lib/plugins/joda-time-2.8.2.jar
7fa9f0734000-7fa9f0745000 r--s 0010d000 08:07 3418871                    /home/srikkanth/.gradle/wrapper/dists/gradle-4.1-all/bzyivzo6n839fup2jbap0tjew/gradle-4.1/lib/plugins/jackson-databind-2.6.6.jar
7fa9f0745000-7fa9f0748000 r--s 00009000 08:07 3418870                    /home/srikkanth/.gradle/wrapper/dists/gradle-4.1-all/bzyivzo6n839fup2jbap0tjew/gradle-4.1/lib/plugins/jackson-annotations-2.6.6.jar
7fa9f0748000-7fa9f074c000 r--s 0003c000 08:07 3418869                    /home/srikkanth/.gradle/wrapper/dists/gradle-4.1-all/bzyivzo6n839fup2jbap0tjew/gradle-4.1/lib/plugins/jackson-core-2.6.6.jar
7fa9f074c000-7fa9f075a000 r--s 00087000 08:07 3418868                    /home/srikkanth/.gradle/wrapper/dists/gradle-4.1-all/bzyivzo6n839fup2jbap0tjew/gradle-4.1/lib/plugins/aws-java-sdk-core-1.11.6.jar
7fa9f075a000-7fa9f0761000 r--s 00057000 08:07 3418867                    /home/srikkanth/.gradle/wrapper/dists/gradle-4.1-all/bzyivzo6n839fup2jbap0tjew/gradle-4.1/lib/plugins/aws-java-sdk-kms-1.11.6.jar
7fa9f0761000-7fa9f076e000 r--s 0008e000 08:07 3418866                    /home/srikkanth/.gradle/wrapper/dists/gradle-4.1-all/bzyivzo6n839fup2jbap0tjew/gradle-4.1/lib/plugins/aws-java-sdk-s3-1.11.6.jar
7fa9f076e000-7fa9f0770000 r--s 00004000 08:07 3418840                    /home/srikkanth/.gradle/wrapper/dists/gradle-4.1-all/bzyivzo6n839fup2jbap0tjew/gradle-4.1/lib/plugins/gradle-resources-s3-4.1.jar
7fa9f0770000-7fa9f0772000 r--s 00010000 08:07 3418836                    /home/srikkanth/.gradle/wrapper/dists/gradle-4.1-all/bzyivzo6n839fup2jbap0tjew/gradle-4.1/lib/plugins/gradle-reporting-4.1.jar
7fa9f0772000-7fa9f0774000 r--s 00002000 08:07 3418837                    /home/srikkanth/.gradle/wrapper/dists/gradle-4.1-all/bzyivzo6n839fup2jbap0tjew/gradle-4.1/lib/plugins/gradle-publish-4.1.jar
7fa9f0774000-7fa9f0776000 r--s 00009000 08:07 3418848                    /home/srikkanth/.gradle/wrapper/dists/gradle-4.1-all/bzyivzo6n839fup2jbap0tjew/gradle-4.1/lib/plugins/commons-cli-1.2.jar
7fa9f0776000-7fa9f077c000 r--s 00036000 08:07 3418820                    /home/srikkanth/.gradle/wrapper/dists/gradle-4.1-all/bzyivzo6n839fup2jbap0tjew/gradle-4.1/lib/plugins/gradle-plugins-4.1.jar
7fa9f077c000-7fa9f077e000 r--s 00009000 08:07 3418807                    /home/srikkanth/.gradle/wrapper/dists/gradle-4.1-all/bzyivzo6n839fup2jbap0tjew/gradle-4.1/lib/plugins/gradle-plugin-development-4.1.jar
7fa9f077e000-7fa9f0784000 r--s 0002b000 08:07 3418815                    /home/srikkanth/.gradle/wrapper/dists/gradle-4.1-all/bzyivzo6n839fup2jbap0tjew/gradle-4.1/lib/plugins/gradle-platform-play-4.1.jar
7fa9f0784000-7fa9f0793000 r--s 0005b000 08:07 3418833                    /home/srikkanth/.gradle/wrapper/dists/gradle-4.1-all/bzyivzo6n839fup2jbap0tjew/gradle-4.1/lib/plugins/gradle-platform-native-4.1.jar
7fa9f0793000-7fa9f0797000 r--s 0001b000 08:07 3418830                    /home/srikkanth/.gradle/wrapper/dists/gradle-4.1-all/bzyivzo6n839fup2jbap0tjew/gradle-4.1/lib/plugins/gradle-platform-jvm-4.1.jar
7fa9f0797000-7fa9f079f000 r--s 00027000 08:07 3418838                    /home/srikkanth/.gradle/wrapper/dists/gradle-4.1-all/bzyivzo6n839fup2jbap0tjew/gradle-4.1/lib/plugins/gradle-platform-base-4.1.jar
7fa9f079f000-7fa9f07c7000 r--s 0021c000 08:07 3418849                    /home/srikkanth/.gradle/wrapper/dists/gradle-4.1-all/bzyivzo6n839fup2jbap0tjew/gradle-4.1/lib/plugins/biz.aQute.bndlib-3.2.0.jar
7fa9f07c7000-7fa9f07c8000 r--s 00004000 08:07 3418805                    /home/srikkanth/.gradle/wrapper/dists/gradle-4.1-all/bzyivzo6n839fup2jbap0tjew/gradle-4.1/lib/plugins/gradle-osgi-4.1.jar
7fa9f07c8000-7fa9f07cb000 r--s 0000c000 08:07 3418852                    /home/srikkanth/.gradle/wrapper/dists/gradle-4.1-all/bzyivzo6n839fup2jbap0tjew/gradle-4.1/lib/plugins/pmaven-groovy-0.8-20100325.jar
7fa9f07cb000-7fa9f07cc000 r--s 00004000 08:07 3418851                    /home/srikkanth/.gradle/wrapper/dists/gradle-4.1-all/bzyivzo6n839fup2jbap0tjew/gradle-4.1/lib/plugins/pmaven-common-0.8-20100325.jar
7fa9f07cc000-7fa9f07d2000 r--s 00023000 08:07 3418808                    /home/srikkanth/.gradle/wrapper/dists/gradle-4.1-all/bzyivzo6n839fup2jbap0tjew/gradle-4.1/lib/plugins/gradle-maven-4.1.jar
7fa9f07d2000-7fa9f07d5000 r--s 0000b000 08:07 3418826                    /home/srikkanth/.gradle/wrapper/dists/gradle-4.1-all/bzyivzo6n839fup2jbap0tjew/gradle-4.1/lib/plugins/gradle-language-scala-4.1.jar
7fa9f07d5000-7fa9f07dc000 r--s 00020000 08:07 3418832                    /home/srikkanth/.gradle/wrapper/dists/gradle-4.1-all/bzyivzo6n839fup2jbap0tjew/gradle-4.1/lib/plugins/gradle-language-native-4.1.jar
7fa9f07dc000-7fa9f07de000 r--s 00005000 08:07 3418829                    /home/srikkanth/.gradle/wrapper/dists/gradle-4.1-all/bzyivzo6n839fup2jbap0tjew/gradle-4.1/lib/plugins/gradle-language-jvm-4.1.jar
7fa9f07de000-7fa9f07e5000 r--s 0002f000 08:07 3418828                    /home/srikkanth/.gradle/wrapper/dists/gradle-4.1-all/bzyivzo6n839fup2jbap0tjew/gradle-4.1/lib/plugins/gradle-language-java-4.1.jar
7fa9f07e5000-7fa9f07e8000 r--s 0000a000 08:07 3418825                    /home/srikkanth/.gradle/wrapper/dists/gradle-4.1-all/bzyivzo6n839fup2jbap0tjew/gradle-4.1/lib/plugins/gradle-language-groovy-4.1.jar
7fa9f07e8000-7fa9f07ef000 r--s 00035000 08:07 3418858                    /home/srikkanth/.gradle/wrapper/dists/gradle-4.1-all/bzyivzo6n839fup2jbap0tjew/gradle-4.1/lib/plugins/simple-4.1.21.jar
7fa9f07ef000-7fa9f07fb000 r--s 00100000 08:07 3418856                    /home/srikkanth/.gradle/wrapper/dists/gradle-4.1-all/bzyivzo6n839fup2jbap0tjew/gradle-4.1/lib/plugins/rhino-1.7R3.jar
7fa9f07fb000-7fa9f07ff000 r--s 00012000 08:07 3418816                    /home/srikkanth/.gradle/wrapper/dists/gradle-4.1-all/bzyivzo6n839fup2jbap0tjew/gradle-4.1/lib/plugins/gradle-javascript-4.1.jar
7fa9f07ff000-7fa9f0802000 r--s 00011000 08:07 3418818                    /home/srikkanth/.gradle/wrapper/dists/gradle-4.1-all/bzyivzo6n839fup2jbap0tjew/gradle-4.1/lib/plugins/gradle-jacoco-4.1.jar
7fa9f0802000-7fa9f0805000 r--s 0000e000 08:07 3418817                    /home/srikkanth/.gradle/wrapper/dists/gradle-4.1-all/bzyivzo6n839fup2jbap0tjew/gradle-4.1/lib/plugins/gradle-ivy-4.1.jar
7fa9f0805000-7fa9f0806000 r--s 00002000 08:07 3418809                    /home/srikkanth/.gradle/wrapper/dists/gradle-4.1-all/bzyivzo6n839fup2jbap0tjew/gradle-4.1/lib/plugins/gradle-ide-play-4.1.jar
7fa9f0806000-7fa9f0809000 r--s 00013000 08:07 3418810                    /home/srikkanth/.gradle/wrapper/dists/gradle-4.1-all/bzyivzo6n839fup2jbap0tjew/gradle-4.1/lib/plugins/gradle-ide-native-4.1.jar
7fa9f0809000-7fa9f0813000 r--s 00054000 08:07 3418811                    /home/srikkanth/.gradle/wrapper/dists/gradle-4.1-all/bzyivzo6n839fup2jbap0tjew/gradle-4.1/lib/plugins/gradle-ide-4.1.jar
7fa9f0813000-7fa9f0815000 r--s 00007000 08:07 3418814                    /home/srikkanth/.gradle/wrapper/dists/gradle-4.1-all/bzyivzo6n839fup2jbap0tjew/gradle-4.1/lib/plugins/gradle-ear-4.1.jar
7fa9f0815000-7fa9f0817000 r--s 00005000 08:07 3418846                    /home/srikkanth/.gradle/wrapper/dists/gradle-4.1-all/bzyivzo6n839fup2jbap0tjew/gradle-4.1/lib/plugins/jatl-0.2.2.jar
7fa9f0817000-7fa9f081e000 r--s 00038000 08:07 3418834                    /home/srikkanth/.gradle/wrapper/dists/gradle-4.1-all/bzyivzo6n839fup2jbap0tjew/gradle-4.1/lib/plugins/gradle-diagnostics-4.1.jar
7fa9f081e000-7fa9f0820000 r--s 0000b000 08:07 3418823                    /home/srikkanth/.gradle/wrapper/dists/gradle-4.1-all/bzyivzo6n839fup2jbap0tjew/gradle-4.1/lib/plugins/gradle-composite-builds-4.1.jar
7fa9f0820000-7fa9f0825000 r--s 00025000 08:07 3418803                    /home/srikkanth/.gradle/wrapper/dists/gradle-4.1-all/bzyivzo6n839fup2jbap0tjew/gradle-4.1/lib/plugins/gradle-code-quality-4.1.jar
7fa9f0825000-7fa9f082a000 r--s 00022000 08:07 3418819                    /home/srikkanth/.gradle/wrapper/dists/gradle-4.1-all/bzyivzo6n839fup2jbap0tjew/gradle-4.1/lib/plugins/gradle-build-init-4.1.jar
7fa9f082a000-7fa9f0830000 r--s 0008e000 08:07 3418813                    /home/srikkanth/.gradle/wrapper/dists/gradle-4.1-all/bzyivzo6n839fup2jbap0tjew/gradle-4.1/lib/plugins/gradle-build-comparison-4.1.jar
7fa9f0830000-7fa9f0832000 r--s 00008000 08:07 3418804                    /home/srikkanth/.gradle/wrapper/dists/gradle-4.1-all/bzyivzo6n839fup2jbap0tjew/gradle-4.1/lib/plugins/gradle-antlr-4.1.jar
7fa9f0832000-7fa9f0834000 r--s 00004000 08:07 3418824                    /home/srikkanth/.gradle/wrapper/dists/gradle-4.1-all/bzyivzo6n839fup2jbap0tjew/gradle-4.1/lib/plugins/gradle-announce-4.1.jar
7fa9f0834000-7fa9f0836000 r--s 00008000 08:07 3418744                    /home/srikkanth/.gradle/wrapper/dists/gradle-4.1-all/bzyivzo6n839fup2jbap0tjew/gradle-4.1/lib/gradle-kotlin-dsl-tooling-builders-0.10.3.jar
7fa9f0836000-7fa9f083e000 r--s 00028000 08:07 3418903                    /home/srikkanth/.gradle/wrapper/dists/gradle-4.1-all/bzyivzo6n839fup2jbap0tjew/gradle-4.1/lib/plugins/xml-apis-1.3.04.jar
7fa9f083e000-7fa9f0856000 r--s 00115000 08:07 3418863                    /home/srikkanth/.gradle/wrapper/dists/gradle-4.1-all/bzyivzo6n839fup2jbap0tjew/gradle-4.1/lib/plugins/xercesImpl-2.9.1.jar
7fa9f0856000-7fa9f085c000 r--s 0005b000 08:07 3418861                    /home/srikkanth/.gradle/wrapper/dists/gradle-4.1-all/bzyivzo6n839fup2jbap0tjew/gradle-4.1/lib/plugins/jcifs-1.3.17.jar
7fa9f085c000-7fa9f0863000 r--s 00049000 08:07 3418902                    /home/srikkanth/.gradle/wrapper/dists/gradle-4.1-all/bzyivzo6n839fup2jbap0tjew/gradle-4.1/lib/plugins/httpcore-4.4.4.jar
7fa9f0863000-7fa9f0879000 r-xp 00000000 08:07 1578018                    /lib/x86_64-linux-gnu/libgcc_s.so.1
7fa9f0879000-7fa9f0a78000 ---p 00016000 08:07 1578018                    /lib/x86_64-linux-gnu/libgcc_s.so.1
7fa9f0a78000-7fa9f0a79000 rw-p 00015000 08:07 1578018                    /lib/x86_64-linux-gnu/libgcc_s.so.1
7fa9f0a79000-7fa9f0beb000 r-xp 00000000 08:07 2623307                    /usr/lib/x86_64-linux-gnu/libstdc++.so.6.0.21
7fa9f0beb000-7fa9f0deb000 ---p 00172000 08:07 2623307                    /usr/lib/x86_64-linux-gnu/libstdc++.so.6.0.21
7fa9f0deb000-7fa9f0df5000 r--p 00172000 08:07 2623307                    /usr/lib/x86_64-linux-gnu/libstdc++.so.6.0.21
7fa9f0df5000-7fa9f0df7000 rw-p 0017c000 08:07 2623307                    /usr/lib/x86_64-linux-gnu/libstdc++.so.6.0.21
7fa9f0df7000-7fa9f0dfb000 rw-p 00000000 00:00 0 
7fa9f0dfb000-7fa9f0e00000 r-xp 00000000 08:07 3420101                    /home/srikkanth/.gradle/native/25/linux-amd64/libnative-platform.so
7fa9f0e00000-7fa9f0fff000 ---p 00005000 08:07 3420101                    /home/srikkanth/.gradle/native/25/linux-amd64/libnative-platform.so
7fa9f0fff000-7fa9f1000000 rw-p 00004000 08:07 3420101                    /home/srikkanth/.gradle/native/25/linux-amd64/libnative-platform.so
7fa9f1000000-7fa9f4000000 rw-p 00000000 00:00 0 
7fa9f4000000-7fa9f4021000 rw-p 00000000 00:00 0 
7fa9f4021000-7fa9f8000000 ---p 00000000 00:00 0 
7fa9f8000000-7fa9f8001000 r--s 00002000 08:07 3418841                    /home/srikkanth/.gradle/wrapper/dists/gradle-4.1-all/bzyivzo6n839fup2jbap0tjew/gradle-4.1/lib/plugins/gradle-build-cache-http-4.1.jar
7fa9f8001000-7fa9f8004000 r--s 0001c000 08:07 3418862                    /home/srikkanth/.gradle/wrapper/dists/gradle-4.1-all/bzyivzo6n839fup2jbap0tjew/gradle-4.1/lib/plugins/nekohtml-1.9.14.jar
7fa9f8004000-7fa9f800a000 r--s 00033000 08:07 3418854                    /home/srikkanth/.gradle/wrapper/dists/gradle-4.1-all/bzyivzo6n839fup2jbap0tjew/gradle-4.1/lib/plugins/commons-codec-1.6.jar
7fa9f800a000-7fa9f8017000 r--s 000a4000 08:07 3418847                    /home/srikkanth/.gradle/wrapper/dists/gradle-4.1-all/bzyivzo6n839fup2jbap0tjew/gradle-4.1/lib/plugins/httpclient-4.4.1.jar
7fa9f8017000-7fa9f8019000 r--s 0000b000 08:07 3418842                    /home/srikkanth/.gradle/wrapper/dists/gradle-4.1-all/bzyivzo6n839fup2jbap0tjew/gradle-4.1/lib/plugins/gradle-resources-http-4.1.jar
7fa9f8019000-7fa9f801d000 r--s 00017000 08:07 3418839                    /home/srikkanth/.gradle/wrapper/dists/gradle-4.1-all/bzyivzo6n839fup2jbap0tjew/gradle-4.1/lib/plugins/gradle-plugin-use-4.1.jar
7fa9f801d000-7fa9f801e000 r--s 00000000 08:07 3418750                    /home/srikkanth/.gradle/wrapper/dists/gradle-4.1-all/bzyivzo6n839fup2jbap0tjew/gradle-4.1/lib/gradle-runtime-api-info-4.1.jar
7fa9f801e000-7fa9f801f000 r--s 00000000 08:07 3418753                    /home/srikkanth/.gradle/wrapper/dists/gradle-4.1-all/bzyivzo6n839fup2jbap0tjew/gradle-4.1/lib/gradle-installation-beacon-4.1.jar
7fa9f801f000-7fa9f805f000 r--s 00277000 08:07 3418874                    /home/srikkanth/.gradle/wrapper/dists/gradle-4.1-all/bzyivzo6n839fup2jbap0tjew/gradle-4.1/lib/plugins/bcprov-jdk15on-1.51.jar
7fa9f805f000-7fa9f8063000 r--s 0001d000 08:07 3418873                    /home/srikkanth/.gradle/wrapper/dists/gradle-4.1-all/bzyivzo6n839fup2jbap0tjew/gradle-4.1/lib/plugins/xbean-reflect-3.4.jar
7fa9f8063000-7fa9f8065000 r--s 0000a000 08:07 3418875                    /home/srikkanth/.gradle/wrapper/dists/gradle-4.1-all/bzyivzo6n839fup2jbap0tjew/gradle-4.1/lib/plugins/maven-settings-3.0.4.jar
7fa9f8065000-7fa9f8068000 r--s 00008000 08:07 3418876                    /home/srikkanth/.gradle/wrapper/dists/gradle-4.1-all/bzyivzo6n839fup2jbap0tjew/gradle-4.1/lib/plugins/maven-settings-builder-3.0.4.jar
7fa9f8068000-7fa9f806c000 r--s 00033000 08:07 3418877                    /home/srikkanth/.gradle/wrapper/dists/gradle-4.1-all/bzyivzo6n839fup2jbap0tjew/gradle-4.1/lib/plugins/plexus-utils-2.0.6.jar
7fa9f806c000-7fa9f806e000 r--s 0000d000 08:07 3418878                    /home/srikkanth/.gradle/wrapper/dists/gradle-4.1-all/bzyivzo6n839fup2jbap0tjew/gradle-4.1/lib/plugins/plexus-interpolation-1.14.jar
7fa9f806e000-7fa9f8070000 r--s 00000000 08:07 3418853                    /home/srikkanth/.gradle/wrapper/dists/gradle-4.1-all/bzyivzo6n839fup2jbap0tjew/gradle-4.1/lib/plugins/plexus-component-annotations-1.5.5.jar
7fa9f8070000-7fa9f8077000 r--s 0002e000 08:07 3418879                    /home/srikkanth/.gradle/wrapper/dists/gradle-4.1-all/bzyivzo6n839fup2jbap0tjew/gradle-4.1/lib/plugins/plexus-container-default-1.5.5.jar
7fa9f8077000-7fa9f8079000 r--s 0000a000 08:07 3418880                    /home/srikkanth/.gradle/wrapper/dists/gradle-4.1-all/bzyivzo6n839fup2jbap0tjew/gradle-4.1/lib/plugins/plexus-classworlds-2.4.jar
7fa9f8079000-7fa9f807b000 r--s 00002000 08:07 3418881                    /home/srikkanth/.gradle/wrapper/dists/gradle-4.1-all/bzyivzo6n839fup2jbap0tjew/gradle-4.1/lib/plugins/plexus-cipher-1.7.jar
7fa9f807b000-7fa9f807c000 r--s 00006000 08:07 3418882                    /home/srikkanth/.gradle/wrapper/dists/gradle-4.1-all/bzyivzo6n839fup2jbap0tjew/gradle-4.1/lib/plugins/plexus-sec-dispatcher-1.3.jar
7fa9f807c000-7fa9f8082000 r--s 0003f000 08:07 3418883                    /home/srikkanth/.gradle/wrapper/dists/gradle-4.1-all/bzyivzo6n839fup2jbap0tjew/gradle-4.1/lib/plugins/maven-compat-3.0.4.jar
7fa9f8082000-7fa9f8086000 r--s 00021000 08:07 3418884                    /home/srikkanth/.gradle/wrapper/dists/gradle-4.1-all/bzyivzo6n839fup2jbap0tjew/gradle-4.1/lib/plugins/maven-model-builder-3.0.4.jar
7fa9f8086000-7fa9f8088000 r--s 00026000 08:07 3418885                    /home/srikkanth/.gradle/wrapper/dists/gradle-4.1-all/bzyivzo6n839fup2jbap0tjew/gradle-4.1/lib/plugins/maven-model-3.0.4.jar
7fa9f8088000-7fa9f808a000 r--s 0000b000 08:07 3418886                    /home/srikkanth/.gradle/wrapper/dists/gradle-4.1-all/bzyivzo6n839fup2jbap0tjew/gradle-4.1/lib/plugins/maven-artifact-3.0.4.jar
7fa9f808a000-7fa9f808c000 r--s 00006000 08:07 3418887                    /home/srikkanth/.gradle/wrapper/dists/gradle-4.1-all/bzyivzo6n839fup2jbap0tjew/gradle-4.1/lib/plugins/maven-repository-metadata-3.0.4.jar
7fa9f808c000-7fa9f808e000 r--s 0000b000 08:07 3418888                    /home/srikkanth/.gradle/wrapper/dists/gradle-4.1-all/bzyivzo6n839fup2jbap0tjew/gradle-4.1/lib/plugins/maven-plugin-api-3.0.4.jar
7fa9f808e000-7fa9f8090000 r--s 0000c000 08:07 3418889                    /home/srikkanth/.gradle/wrapper/dists/gradle-4.1-all/bzyivzo6n839fup2jbap0tjew/gradle-4.1/lib/plugins/maven-aether-provider-3.0.4.jar
7fa9f8090000-7fa9f8091000 r--s 00002000 08:07 3418890                    /home/srikkanth/.gradle/wrapper/dists/gradle-4.1-all/bzyivzo6n839fup2jbap0tjew/gradle-4.1/lib/plugins/wagon-file-2.4.jar
7fa9f8091000-7fa9f8092000 r--s 00002000 08:07 3418891                    /home/srikkanth/.gradle/wrapper/dists/gradle-4.1-all/bzyivzo6n839fup2jbap0tjew/gradle-4.1/lib/plugins/wagon-http-2.4.jar
7fa9f8092000-7fa9f8094000 r--s 0000b000 08:07 3418892                    /home/srikkanth/.gradle/wrapper/dists/gradle-4.1-all/bzyivzo6n839fup2jbap0tjew/gradle-4.1/lib/plugins/wagon-provider-api-2.4.jar
7fa9f8094000-7fa9f8095000 r--s 00007000 08:07 3418893                    /home/srikkanth/.gradle/wrapper/dists/gradle-4.1-all/bzyivzo6n839fup2jbap0tjew/gradle-4.1/lib/plugins/wagon-http-shared4-2.4.jar
7fa9f8095000-7fa9f8098000 r--s 00013000 08:07 3418894                    /home/srikkanth/.gradle/wrapper/dists/gradle-4.1-all/bzyivzo6n839fup2jbap0tjew/gradle-4.1/lib/plugins/aether-api-1.13.1.jar
7fa9f8098000-7fa9f809b000 r--s 0001d000 08:07 3418895                    /home/srikkanth/.gradle/wrapper/dists/gradle-4.1-all/bzyivzo6n839fup2jbap0tjew/gradle-4.1/lib/plugins/aether-impl-1.13.1.jar
7fa9f809b000-7fa9f809c000 r--s 00003000 08:07 3418896                    /home/srikkanth/.gradle/wrapper/dists/gradle-4.1-all/bzyivzo6n839fup2jbap0tjew/gradle-4.1/lib/plugins/aether-spi-1.13.1.jar
7fa9f809c000-7fa9f80a0000 r--s 0001c000 08:07 3418897                    /home/srikkanth/.gradle/wrapper/dists/gradle-4.1-all/bzyivzo6n839fup2jbap0tjew/gradle-4.1/lib/plugins/aether-util-1.13.1.jar
7fa9f80a0000-7fa9f80a2000 r--s 00006000 08:07 3418898                    /home/srikkanth/.gradle/wrapper/dists/gradle-4.1-all/bzyivzo6n839fup2jbap0tjew/gradle-4.1/lib/plugins/aether-connector-wagon-1.13.1.jar
7fa9f80a2000-7fa9f80ae000 r--s 0007d000 08:07 3418850                    /home/srikkanth/.gradle/wrapper/dists/gradle-4.1-all/bzyivzo6n839fup2jbap0tjew/gradle-4.1/lib/plugins/maven-core-3.0.4.jar
7fa9f80ae000-7fa9f80b3000 r--s 00034000 08:07 3418857                    /home/srikkanth/.gradle/wrapper/dists/gradle-4.1-all/bzyivzo6n839fup2jbap0tjew/gradle-4.1/lib/plugins/gson-2.7.jar
7fa9f80b3000-7fa9f80b8000 r--s 00040000 08:07 3418865                    /home/srikkanth/.gradle/wrapper/dists/gradle-4.1-all/bzyivzo6n839fup2jbap0tjew/gradle-4.1/lib/plugins/jsch-0.1.54.jar
7fa9f80b8000-7fa9f80c7000 r--s 000d9000 08:07 3418864                    /home/srikkanth/.gradle/wrapper/dists/gradle-4.1-all/bzyivzo6n839fup2jbap0tjew/gradle-4.1/lib/plugins/ivy-2.2.0.jar
7fa9f80c7000-7fa9f80eb000 r--s 0011a000 08:07 3418845                    /home/srikkanth/.gradle/wrapper/dists/gradle-4.1-all/bzyivzo6n839fup2jbap0tjew/gradle-4.1/lib/plugins/gradle-dependency-management-4.1.jar
7fa9f80eb000-7fa9f80ee000 r--s 0000d000 08:07 3418844                    /home/srikkanth/.gradle/wrapper/dists/gradle-4.1-all/bzyivzo6n839fup2jbap0tjew/gradle-4.1/lib/plugins/gradle-workers-4.1.jar
7fa9f80ee000-7fa9f80ff000 r-xp 00000000 08:07 3417085                    /home/srikkanth/Documents/android-studio/jre/jre/lib/amd64/libnio.so
7fa9f80ff000-7fa9f82fe000 ---p 00011000 08:07 3417085                    /home/srikkanth/Documents/android-studio/jre/jre/lib/amd64/libnio.so
7fa9f82fe000-7fa9f82ff000 r--p 00010000 08:07 3417085                    /home/srikkanth/Documents/android-studio/jre/jre/lib/amd64/libnio.so
7fa9f82ff000-7fa9f8300000 rw-p 00011000 08:07 3417085                    /home/srikkanth/Documents/android-studio/jre/jre/lib/amd64/libnio.so
7fa9f8300000-7fa9f8316000 r-xp 00000000 08:07 3417087                    /home/srikkanth/Documents/android-studio/jre/jre/lib/amd64/libnet.so
7fa9f8316000-7fa9f8516000 ---p 00016000 08:07 3417087                    /home/srikkanth/Documents/android-studio/jre/jre/lib/amd64/libnet.so
7fa9f8516000-7fa9f8517000 r--p 00016000 08:07 3417087                    /home/srikkanth/Documents/android-studio/jre/jre/lib/amd64/libnet.so
7fa9f8517000-7fa9f8518000 rw-p 00017000 08:07 3417087                    /home/srikkanth/Documents/android-studio/jre/jre/lib/amd64/libnet.so
7fa9f8518000-7fa9f8519000 r--s 00006000 08:07 3418752                    /home/srikkanth/.gradle/wrapper/dists/gradle-4.1-all/bzyivzo6n839fup2jbap0tjew/gradle-4.1/lib/gradle-wrapper-4.1.jar
7fa9f8519000-7fa9f8526000 r--s 00043000 08:07 3418751                    /home/srikkanth/.gradle/wrapper/dists/gradle-4.1-all/bzyivzo6n839fup2jbap0tjew/gradle-4.1/lib/gradle-tooling-api-4.1.jar
7fa9f8526000-7fa9f8535000 r--s 000c8000 08:07 3418748                    /home/srikkanth/.gradle/wrapper/dists/gradle-4.1-all/bzyivzo6n839fup2jbap0tjew/gradle-4.1/lib/kotlin-stdlib-1.1.3-2.jar
7fa9f8535000-7fa9f8567000 r--s 0021b000 08:07 3418747                    /home/srikkanth/.gradle/wrapper/dists/gradle-4.1-all/bzyivzo6n839fup2jbap0tjew/gradle-4.1/lib/kotlin-reflect-1.1.3-2.jar
7fa9f8567000-7fa9f871e000 r--s 01786000 08:07 3418746                    /home/srikkanth/.gradle/wrapper/dists/gradle-4.1-all/bzyivzo6n839fup2jbap0tjew/gradle-4.1/lib/kotlin-compiler-embeddable-1.1.3-2.jar
7fa9f871e000-7fa9f871f000 r--s 00000000 08:07 3418745                    /home/srikkanth/.gradle/wrapper/dists/gradle-4.1-all/bzyivzo6n839fup2jbap0tjew/gradle-4.1/lib/gradle-kotlin-dsl-tooling-models-0.10.3.jar
7fa9f871f000-7fa9f8720000 r--s 00001000 08:07 3418743                    /home/srikkanth/.gradle/wrapper/dists/gradle-4.1-all/bzyivzo6n839fup2jbap0tjew/gradle-4.1/lib/gradle-kotlin-dsl-compiler-plugin-0.10.3.jar
7fa9f8720000-7fa9f8722000 r--s 00003000 08:07 3418741                    /home/srikkanth/.gradle/wrapper/dists/gradle-4.1-all/bzyivzo6n839fup2jbap0tjew/gradle-4.1/lib/annotations-13.0.jar
7fa9f8722000-7fa9f872c000 r--s 00073000 08:07 3418742                    /home/srikkanth/.gradle/wrapper/dists/gradle-4.1-all/bzyivzo6n839fup2jbap0tjew/gradle-4.1/lib/gradle-kotlin-dsl-0.10.3.jar
7fa9f872c000-7fa9f8731000 r--s 00013000 08:07 3418758                    /home/srikkanth/.gradle/wrapper/dists/gradle-4.1-all/bzyivzo6n839fup2jbap0tjew/gradle-4.1/lib/gradle-resources-4.1.jar
7fa9f8731000-7fa9f8733000 r--s 00005000 08:07 3418765                    /home/srikkanth/.gradle/wrapper/dists/gradle-4.1-all/bzyivzo6n839fup2jbap0tjew/gradle-4.1/lib/gradle-cli-4.1.jar
7fa9f8733000-7fa9f8735000 r--s 00003000 08:07 3418772                    /home/srikkanth/.gradle/wrapper/dists/gradle-4.1-all/bzyivzo6n839fup2jbap0tjew/gradle-4.1/lib/jcl-over-slf4j-1.7.10.jar
7fa9f8735000-7fa9f8736000 r--s 00005000 08:07 3418771                    /home/srikkanth/.gradle/wrapper/dists/gradle-4.1-all/bzyivzo6n839fup2jbap0tjew/gradle-4.1/lib/log4j-over-slf4j-1.7.10.jar
7fa9f8736000-7fa9f8738000 r--s 00000000 08:07 3418770                    /home/srikkanth/.gradle/wrapper/dists/gradle-4.1-all/bzyivzo6n839fup2jbap0tjew/gradle-4.1/lib/jul-to-slf4j-1.7.10.jar
7fa9f8738000-7fa9f873f000 r--s 0002c000 08:07 3418756                    /home/srikkanth/.gradle/wrapper/dists/gradle-4.1-all/bzyivzo6n839fup2jbap0tjew/gradle-4.1/lib/gradle-logging-4.1.jar
7fa9f873f000-7fa9f874f000 r--s 00082000 08:07 3418761                    /home/srikkanth/.gradle/wrapper/dists/gradle-4.1-all/bzyivzo6n839fup2jbap0tjew/gradle-4.1/lib/gradle-model-core-4.1.jar
7fa9f874f000-7fa9f8751000 r--s 00006000 08:07 3418762                    /home/srikkanth/.gradle/wrapper/dists/gradle-4.1-all/bzyivzo6n839fup2jbap0tjew/gradle-4.1/lib/gradle-base-services-groovy-4.1.jar
7fa9f8751000-7fa9f8753000 r--s 00007000 08:07 3418760                    /home/srikkanth/.gradle/wrapper/dists/gradle-4.1-all/bzyivzo6n839fup2jbap0tjew/gradle-4.1/lib/gradle-model-groovy-4.1.jar
7fa9f8753000-7fa9f8754000 r--s 00002000 08:07 3418783                    /home/srikkanth/.gradle/wrapper/dists/gradle-4.1-all/bzyivzo6n839fup2jbap0tjew/gradle-4.1/lib/gradle-docs-4.1.jar
7fa9f8754000-7fa9f8761000 r--s 00083000 08:07 3418781                    /home/srikkanth/.gradle/wrapper/dists/gradle-4.1-all/bzyivzo6n839fup2jbap0tjew/gradle-4.1/lib/commons-collections-3.2.2.jar
7fa9f8761000-7fa9f8762000 r--s 00000000 08:07 3418780                    /home/srikkanth/.gradle/wrapper/dists/gradle-4.1-all/bzyivzo6n839fup2jbap0tjew/gradle-4.1/lib/javax.inject-1.jar
7fa9f8762000-7fa9f87d2000 r--s 00645000 08:07 3418778                    /home/srikkanth/.gradle/wrapper/dists/gradle-4.1-all/bzyivzo6n839fup2jbap0tjew/gradle-4.1/lib/groovy-all-2.4.11.jar
7fa9f87d2000-7fa9f87d5000 r--s 00023000 08:07 3418784                    /home/srikkanth/.gradle/wrapper/dists/gradle-4.1-all/bzyivzo6n839fup2jbap0tjew/gradle-4.1/lib/jansi-1.14.jar
7fa9f87d5000-7fa9f87d6000 r--s 00004000 08:07 3418786                    /home/srikkanth/.gradle/wrapper/dists/gradle-4.1-all/bzyivzo6n839fup2jbap0tjew/gradle-4.1/lib/native-platform-freebsd-amd64-libcpp-0.14.jar
7fa9f87d6000-7fa9f87d7000 r--s 00004000 08:07 3418787                    /home/srikkanth/.gradle/wrapper/dists/gradle-4.1-all/bzyivzo6n839fup2jbap0tjew/gradle-4.1/lib/native-platform-freebsd-amd64-libstdcpp-0.14.jar
7fa9f87d7000-7fa9f87d8000 r--s 00004000 08:07 3418788                    /home/srikkanth/.gradle/wrapper/dists/gradle-4.1-all/bzyivzo6n839fup2jbap0tjew/gradle-4.1/lib/native-platform-freebsd-i386-libcpp-0.14.jar
7fa9f87d8000-7fa9f87d9000 r--s 00003000 08:07 3418789                    /home/srikkanth/.gradle/wrapper/dists/gradle-4.1-all/bzyivzo6n839fup2jbap0tjew/gradle-4.1/lib/native-platform-freebsd-i386-libstdcpp-0.14.jar
7fa9f87d9000-7fa9f87da000 r--s 00002000 08:07 3418790                    /home/srikkanth/.gradle/wrapper/dists/gradle-4.1-all/bzyivzo6n839fup2jbap0tjew/gradle-4.1/lib/native-platform-linux-amd64-0.14.jar
7fa9f87da000-7fa9f87db000 r--s 00002000 08:07 3418791                    /home/srikkanth/.gradle/wrapper/dists/gradle-4.1-all/bzyivzo6n839fup2jbap0tjew/gradle-4.1/lib/native-platform-linux-i386-0.14.jar
7fa9f87db000-7fa9f87dd000 r--s 00002000 08:07 3418792                    /home/srikkanth/.gradle/wrapper/dists/gradle-4.1-all/bzyivzo6n839fup2jbap0tjew/gradle-4.1/lib/native-platform-osx-amd64-0.14.jar
7fa9f87dd000-7fa9f87de000 r--s 00003000 08:07 3418793                    /home/srikkanth/.gradle/wrapper/dists/gradle-4.1-all/bzyivzo6n839fup2jbap0tjew/gradle-4.1/lib/native-platform-osx-i386-0.14.jar
7fa9f87de000-7fa9f87e0000 r--s 0000b000 08:07 3418794                    /home/srikkanth/.gradle/wrapper/dists/gradle-4.1-all/bzyivzo6n839fup2jbap0tjew/gradle-4.1/lib/native-platform-windows-amd64-0.14.jar
7fa9f87e0000-7fa9f87e1000 r--s 0000b000 08:07 3418795                    /home/srikkanth/.gradle/wrapper/dists/gradle-4.1-all/bzyivzo6n839fup2jbap0tjew/gradle-4.1/lib/native-platform-windows-i386-0.14.jar
7fa9f87e1000-7fa9f87e2000 r--s 00001000 08:07 3418796                    /home/srikkanth/.gradle/wrapper/dists/gradle-4.1-all/bzyivzo6n839fup2jbap0tjew/gradle-4.1/lib/native-platform-linux-amd64-ncurses5-0.14.jar
7fa9f87e2000-7fa9f87e3000 r--s 00001000 08:07 3418797                    /home/srikkanth/.gradle/wrapper/dists/gradle-4.1-all/bzyivzo6n839fup2jbap0tjew/gradle-4.1/lib/native-platform-linux-amd64-ncurses6-0.14.jar
7fa9f87e3000-7fa9f87e4000 r--s 00001000 08:07 3418798                    /home/srikkanth/.gradle/wrapper/dists/gradle-4.1-all/bzyivzo6n839fup2jbap0tjew/gradle-4.1/lib/native-platform-linux-i386-ncurses5-0.14.jar
7fa9f87e4000-7fa9f87e8000 r--s 00012000 08:07 3418782                    /home/srikkanth/.gradle/wrapper/dists/gradle-4.1-all/bzyivzo6n839fup2jbap0tjew/gradle-4.1/lib/native-platform-0.14.jar
7fa9f87e8000-7fa9f87eb000 r--s 0000c000 08:07 3418759                    /home/srikkanth/.gradle/wrapper/dists/gradle-4.1-all/bzyivzo6n839fup2jbap0tjew/gradle-4.1/lib/gradle-native-4.1.jar
7fa9f87eb000-7fa9f87ed000 r--s 0000f000 08:07 3418767                    /home/srikkanth/.gradle/wrapper/dists/gradle-4.1-all/bzyivzo6n839fup2jbap0tjew/gradle-4.1/lib/reflectasm-1.07-shaded.jar
7fa9f87ed000-7fa9f87ef000 r--s 00000000 08:07 3418800                    /home/srikkanth/.gradle/wrapper/dists/gradle-4.1-all/bzyivzo6n839fup2jbap0tjew/gradle-4.1/lib/minlog-1.2.jar
7fa9f87ef000-7fa9f87f1000 r--s 00007000 08:07 3418801                    /home/srikkanth/.gradle/wrapper/dists/gradle-4.1-all/bzyivzo6n839fup2jbap0tjew/gradle-4.1/lib/objenesis-1.2.jar
7fa9f87f1000-7fa9f87f5000 r--s 00026000 08:07 3418766                    /home/srikkanth/.gradle/wrapper/dists/gradle-4.1-all/bzyivzo6n839fup2jbap0tjew/gradle-4.1/lib/kryo-2.20.jar
7fa9f87f5000-7fa9f87fb000 r--s 0002b000 08:07 3418763                    /home/srikkanth/.gradle/wrapper/dists/gradle-4.1-all/bzyivzo6n839fup2jbap0tjew/gradle-4.1/lib/gradle-messaging-4.1.jar
7fa9f87fb000-7fa9f8823000 r--s 001cf000 08:07 3418774                    /home/srikkanth/.gradle/wrapper/dists/gradle-4.1-all/bzyivzo6n839fup2jbap0tjew/gradle-4.1/lib/guava-jdk5-17.0.jar
7fa9f8823000-7fa9f8824000 ---p 00000000 00:00 0 
7fa9f8824000-7fa9f8924000 rw-p 00000000 00:00 0 
7fa9f8924000-7fa9f8927000 ---p 00000000 00:00 0 
7fa9f8927000-7fa9f8a25000 rw-p 00000000 00:00 0 
7fa9f8a25000-7fa9f8a28000 ---p 00000000 00:00 0 
7fa9f8a28000-7fa9f8b26000 rw-p 00000000 00:00 0 
7fa9f8b26000-7fa9f8b29000 ---p 00000000 00:00 0 
7fa9f8b29000-7fa9f8c27000 rw-p 00000000 00:00 0 
7fa9f8c27000-7fa9f8c2a000 ---p 00000000 00:00 0 
7fa9f8c2a000-7fa9f8d28000 rw-p 00000000 00:00 0 
7fa9f8d28000-7fa9f9000000 r--p 00000000 08:07 2623184                    /usr/lib/locale/locale-archive
7fa9f9000000-7fa9f9bf0000 rwxp 00000000 00:00 0 
7fa9f9bf0000-7faa08000000 ---p 00000000 00:00 0 
7faa08000000-7faa08cf2000 rw-p 00000000 00:00 0 
7faa08cf2000-7faa0c000000 ---p 00000000 00:00 0 
7faa0c000000-7faa0c002000 r--s 00006000 08:07 3418757                    /home/srikkanth/.gradle/wrapper/dists/gradle-4.1-all/bzyivzo6n839fup2jbap0tjew/gradle-4.1/lib/gradle-process-services-4.1.jar
7faa0c002000-7faa0c007000 r--s 00041000 08:07 3418776                    /home/srikkanth/.gradle/wrapper/dists/gradle-4.1-all/bzyivzo6n839fup2jbap0tjew/gradle-4.1/lib/commons-lang-2.6.jar
7faa0c007000-7faa0c026000 r--s 001d1000 08:07 3418779                    /home/srikkanth/.gradle/wrapper/dists/gradle-4.1-all/bzyivzo6n839fup2jbap0tjew/gradle-4.1/lib/ant-1.9.6.jar
7faa0c026000-7faa0c070000 r--s 00253000 08:07 3418754                    /home/srikkanth/.gradle/wrapper/dists/gradle-4.1-all/bzyivzo6n839fup2jbap0tjew/gradle-4.1/lib/gradle-core-4.1.jar
7faa0c070000-7faa0c073000 ---p 00000000 00:00 0 
7faa0c073000-7faa0c171000 rw-p 00000000 00:00 0 
7faa0c171000-7faa0c174000 ---p 00000000 00:00 0 
7faa0c174000-7faa0c272000 rw-p 00000000 00:00 0 
7faa0c272000-7faa0c275000 ---p 00000000 00:00 0 
7faa0c275000-7faa0c373000 rw-p 00000000 00:00 0 
7faa0c373000-7faa0c374000 ---p 00000000 00:00 0 
7faa0c374000-7faa0d455000 rw-p 00000000 00:00 0 
7faa0d455000-7faa0d625000 r--s 03c46000 08:07 3417041                    /home/srikkanth/Documents/android-studio/jre/jre/lib/rt.jar
7faa0d625000-7faa0e19b000 rw-p 00000000 00:00 0 
7faa0e19b000-7faa0e19c000 ---p 00000000 00:00 0 
7faa0e19c000-7faa0e29c000 rw-p 00000000 00:00 0 
7faa0e29c000-7faa0e29d000 ---p 00000000 00:00 0 
7faa0e29d000-7faa0e39d000 rw-p 00000000 00:00 0 
7faa0e39d000-7faa0e39e000 ---p 00000000 00:00 0 
7faa0e39e000-7faa0e49e000 rw-p 00000000 00:00 0 
7faa0e49e000-7faa0e49f000 ---p 00000000 00:00 0 
7faa0e49f000-7faa0e5ad000 rw-p 00000000 00:00 0 
7faa0e5ad000-7faa0e79f000 ---p 00000000 00:00 0 
7faa0e79f000-7faa0e7ad000 rw-p 00000000 00:00 0 
7faa0e7ad000-7faa0e99f000 ---p 00000000 00:00 0 
7faa0e99f000-7faa0ea00000 rw-p 00000000 00:00 0 
7faa0ea00000-7faa0ea9f000 ---p 00000000 00:00 0 
7faa0ea9f000-7faa0ead0000 rw-p 00000000 00:00 0 
7faa0ead0000-7faa0ee60000 ---p 00000000 00:00 0 
7faa0ee60000-7faa0ee7a000 r-xp 00000000 08:07 3417062                    /home/srikkanth/Documents/android-studio/jre/jre/lib/amd64/libzip.so
7faa0ee7a000-7faa0f07a000 ---p 0001a000 08:07 3417062                    /home/srikkanth/Documents/android-studio/jre/jre/lib/amd64/libzip.so
7faa0f07a000-7faa0f07b000 r--p 0001a000 08:07 3417062                    /home/srikkanth/Documents/android-studio/jre/jre/lib/amd64/libzip.so
7faa0f07b000-7faa0f07c000 rw-p 0001b000 08:07 3417062                    /home/srikkanth/Documents/android-studio/jre/jre/lib/amd64/libzip.so
7faa0f07c000-7faa0f087000 r-xp 00000000 08:07 1585232                    /lib/x86_64-linux-gnu/libnss_files-2.23.so
7faa0f087000-7faa0f286000 ---p 0000b000 08:07 1585232                    /lib/x86_64-linux-gnu/libnss_files-2.23.so
7faa0f286000-7faa0f287000 r--p 0000a000 08:07 1585232                    /lib/x86_64-linux-gnu/libnss_files-2.23.so
7faa0f287000-7faa0f288000 rw-p 0000b000 08:07 1585232                    /lib/x86_64-linux-gnu/libnss_files-2.23.so
7faa0f288000-7faa0f28e000 rw-p 00000000 00:00 0 
7faa0f28e000-7faa0f299000 r-xp 00000000 08:07 1585236                    /lib/x86_64-linux-gnu/libnss_nis-2.23.so
7faa0f299000-7faa0f498000 ---p 0000b000 08:07 1585236                    /lib/x86_64-linux-gnu/libnss_nis-2.23.so
7faa0f498000-7faa0f499000 r--p 0000a000 08:07 1585236                    /lib/x86_64-linux-gnu/libnss_nis-2.23.so
7faa0f499000-7faa0f49a000 rw-p 0000b000 08:07 1585236                    /lib/x86_64-linux-gnu/libnss_nis-2.23.so
7faa0f49a000-7faa0f4b0000 r-xp 00000000 08:07 1585216                    /lib/x86_64-linux-gnu/libnsl-2.23.so
7faa0f4b0000-7faa0f6af000 ---p 00016000 08:07 1585216                    /lib/x86_64-linux-gnu/libnsl-2.23.so
7faa0f6af000-7faa0f6b0000 r--p 00015000 08:07 1585216                    /lib/x86_64-linux-gnu/libnsl-2.23.so
7faa0f6b0000-7faa0f6b1000 rw-p 00016000 08:07 1585216                    /lib/x86_64-linux-gnu/libnsl-2.23.so
7faa0f6b1000-7faa0f6b3000 rw-p 00000000 00:00 0 
7faa0f6b3000-7faa0f6bb000 r-xp 00000000 08:07 1585227                    /lib/x86_64-linux-gnu/libnss_compat-2.23.so
7faa0f6bb000-7faa0f8ba000 ---p 00008000 08:07 1585227                    /lib/x86_64-linux-gnu/libnss_compat-2.23.so
7faa0f8ba000-7faa0f8bb000 r--p 00007000 08:07 1585227                    /lib/x86_64-linux-gnu/libnss_compat-2.23.so
7faa0f8bb000-7faa0f8bc000 rw-p 00008000 08:07 1585227                    /lib/x86_64-linux-gnu/libnss_compat-2.23.so
7faa0f8bc000-7faa0f8e9000 r-xp 00000000 08:07 3417061                    /home/srikkanth/Documents/android-studio/jre/jre/lib/amd64/libjava.so
7faa0f8e9000-7faa0fae8000 ---p 0002d000 08:07 3417061                    /home/srikkanth/Documents/android-studio/jre/jre/lib/amd64/libjava.so
7faa0fae8000-7faa0fae9000 r--p 0002c000 08:07 3417061                    /home/srikkanth/Documents/android-studio/jre/jre/lib/amd64/libjava.so
7faa0fae9000-7faa0faeb000 rw-p 0002d000 08:07 3417061                    /home/srikkanth/Documents/android-studio/jre/jre/lib/amd64/libjava.so
7faa0faeb000-7faa0fafb000 r-xp 00000000 08:07 3417067                    /home/srikkanth/Documents/android-studio/jre/jre/lib/amd64/libverify.so
7faa0fafb000-7faa0fcfa000 ---p 00010000 08:07 3417067                    /home/srikkanth/Documents/android-studio/jre/jre/lib/amd64/libverify.so
7faa0fcfa000-7faa0fcfc000 r--p 0000f000 08:07 3417067                    /home/srikkanth/Documents/android-studio/jre/jre/lib/amd64/libverify.so
7faa0fcfc000-7faa0fcfd000 rw-p 00011000 08:07 3417067                    /home/srikkanth/Documents/android-studio/jre/jre/lib/amd64/libverify.so
7faa0fcfd000-7faa0fd04000 r-xp 00000000 08:07 1585237                    /lib/x86_64-linux-gnu/librt-2.23.so
7faa0fd04000-7faa0ff03000 ---p 00007000 08:07 1585237                    /lib/x86_64-linux-gnu/librt-2.23.so
7faa0ff03000-7faa0ff04000 r--p 00006000 08:07 1585237                    /lib/x86_64-linux-gnu/librt-2.23.so
7faa0ff04000-7faa0ff05000 rw-p 00007000 08:07 1585237                    /lib/x86_64-linux-gnu/librt-2.23.so
7faa0ff05000-7faa1000d000 r-xp 00000000 08:07 1585215                    /lib/x86_64-linux-gnu/libm-2.23.so
7faa1000d000-7faa1020c000 ---p 00108000 08:07 1585215                    /lib/x86_64-linux-gnu/libm-2.23.so
7faa1020c000-7faa1020d000 r--p 00107000 08:07 1585215                    /lib/x86_64-linux-gnu/libm-2.23.so
7faa1020d000-7faa1020e000 rw-p 00108000 08:07 1585215                    /lib/x86_64-linux-gnu/libm-2.23.so
7faa1020e000-7faa10e06000 r-xp 00000000 08:07 3417071                    /home/srikkanth/Documents/android-studio/jre/jre/lib/amd64/server/libjvm.so
7faa10e06000-7faa11006000 ---p 00bf8000 08:07 3417071                    /home/srikkanth/Documents/android-studio/jre/jre/lib/amd64/server/libjvm.so
7faa11006000-7faa110a5000 r--p 00bf8000 08:07 3417071                    /home/srikkanth/Documents/android-studio/jre/jre/lib/amd64/server/libjvm.so
7faa110a5000-7faa110ce000 rw-p 00c97000 08:07 3417071                    /home/srikkanth/Documents/android-studio/jre/jre/lib/amd64/server/libjvm.so
7faa110ce000-7faa11112000 rw-p 00000000 00:00 0 
7faa11112000-7faa1112a000 r-xp 00000000 08:07 1585218                    /lib/x86_64-linux-gnu/libpthread-2.23.so
7faa1112a000-7faa11329000 ---p 00018000 08:07 1585218                    /lib/x86_64-linux-gnu/libpthread-2.23.so
7faa11329000-7faa1132a000 r--p 00017000 08:07 1585218                    /lib/x86_64-linux-gnu/libpthread-2.23.so
7faa1132a000-7faa1132b000 rw-p 00018000 08:07 1585218                    /lib/x86_64-linux-gnu/libpthread-2.23.so
7faa1132b000-7faa1132f000 rw-p 00000000 00:00 0 
7faa1132f000-7faa11332000 r-xp 00000000 08:07 1585221                    /lib/x86_64-linux-gnu/libdl-2.23.so
7faa11332000-7faa11531000 ---p 00003000 08:07 1585221                    /lib/x86_64-linux-gnu/libdl-2.23.so
7faa11531000-7faa11532000 r--p 00002000 08:07 1585221                    /lib/x86_64-linux-gnu/libdl-2.23.so
7faa11532000-7faa11533000 rw-p 00003000 08:07 1585221                    /lib/x86_64-linux-gnu/libdl-2.23.so
7faa11533000-7faa116f3000 r-xp 00000000 08:07 1585219                    /lib/x86_64-linux-gnu/libc-2.23.so
7faa116f3000-7faa118f3000 ---p 001c0000 08:07 1585219                    /lib/x86_64-linux-gnu/libc-2.23.so
7faa118f3000-7faa118f7000 r--p 001c0000 08:07 1585219                    /lib/x86_64-linux-gnu/libc-2.23.so
7faa118f7000-7faa118f9000 rw-p 001c4000 08:07 1585219                    /lib/x86_64-linux-gnu/libc-2.23.so
7faa118f9000-7faa118fd000 rw-p 00000000 00:00 0 
7faa118fd000-7faa11913000 r-xp 00000000 08:07 3417010                    /home/srikkanth/Documents/android-studio/jre/lib/amd64/jli/libjli.so
7faa11913000-7faa11b12000 ---p 00016000 08:07 3417010                    /home/srikkanth/Documents/android-studio/jre/lib/amd64/jli/libjli.so
7faa11b12000-7faa11b13000 r--p 00015000 08:07 3417010                    /home/srikkanth/Documents/android-studio/jre/lib/amd64/jli/libjli.so
7faa11b13000-7faa11b14000 rw-p 00016000 08:07 3417010                    /home/srikkanth/Documents/android-studio/jre/lib/amd64/jli/libjli.so
7faa11b14000-7faa11b3a000 r-xp 00000000 08:07 1585217                    /lib/x86_64-linux-gnu/ld-2.23.so
7faa11b3a000-7faa11b3b000 r--s 00001000 08:07 3418799                    /home/srikkanth/.gradle/wrapper/dists/gradle-4.1-all/bzyivzo6n839fup2jbap0tjew/gradle-4.1/lib/native-platform-linux-i386-ncurses6-0.14.jar
7faa11b3b000-7faa11b3d000 r--s 00000000 08:07 3418755                    /home/srikkanth/.gradle/wrapper/dists/gradle-4.1-all/bzyivzo6n839fup2jbap0tjew/gradle-4.1/lib/gradle-jvm-services-4.1.jar
7faa11b3d000-7faa11b3e000 r--s 00000000 08:07 3418777                    /home/srikkanth/.gradle/wrapper/dists/gradle-4.1-all/bzyivzo6n839fup2jbap0tjew/gradle-4.1/lib/jcip-annotations-1.0.jar
7faa11b3e000-7faa11b41000 r--s 00006000 08:07 3418775                    /home/srikkanth/.gradle/wrapper/dists/gradle-4.1-all/bzyivzo6n839fup2jbap0tjew/gradle-4.1/lib/jsr305-1.3.9.jar
7faa11b41000-7faa11b45000 r--s 00027000 08:07 3418769                    /home/srikkanth/.gradle/wrapper/dists/gradle-4.1-all/bzyivzo6n839fup2jbap0tjew/gradle-4.1/lib/commons-io-2.2.jar
7faa11b45000-7faa11b4d000 r--s 000bd000 08:07 3418768                    /home/srikkanth/.gradle/wrapper/dists/gradle-4.1-all/bzyivzo6n839fup2jbap0tjew/gradle-4.1/lib/asm-debug-all-6.0_ALPHA.jar
7faa11b4d000-7faa11c0f000 rw-p 00000000 00:00 0 
7faa11c0f000-7faa11c12000 ---p 00000000 00:00 0 
7faa11c12000-7faa11d14000 rw-p 00000000 00:00 0 
7faa11d14000-7faa11d15000 r--s 00007000 08:07 3418773                    /home/srikkanth/.gradle/wrapper/dists/gradle-4.1-all/bzyivzo6n839fup2jbap0tjew/gradle-4.1/lib/slf4j-api-1.7.10.jar
7faa11d15000-7faa11d16000 r--s 00004000 08:07 3418785                    /home/srikkanth/.gradle/wrapper/dists/gradle-4.1-all/bzyivzo6n839fup2jbap0tjew/gradle-4.1/lib/ant-launcher-1.9.6.jar
7faa11d16000-7faa11d22000 r--s 00053000 08:07 3418764                    /home/srikkanth/.gradle/wrapper/dists/gradle-4.1-all/bzyivzo6n839fup2jbap0tjew/gradle-4.1/lib/gradle-base-services-4.1.jar
7faa11d22000-7faa11d2e000 r--s 0005c000 08:07 3418749                    /home/srikkanth/.gradle/wrapper/dists/gradle-4.1-all/bzyivzo6n839fup2jbap0tjew/gradle-4.1/lib/gradle-launcher-4.1.jar
7faa11d2e000-7faa11d36000 rw-s 00000000 08:07 416918                     /tmp/hsperfdata_srikkanth/15095
7faa11d36000-7faa11d37000 rw-p 00000000 00:00 0 
7faa11d37000-7faa11d38000 ---p 00000000 00:00 0 
7faa11d38000-7faa11d39000 rw-p 00000000 00:00 0 
7faa11d39000-7faa11d3a000 r--p 00025000 08:07 1585217                    /lib/x86_64-linux-gnu/ld-2.23.so
7faa11d3a000-7faa11d3b000 rw-p 00026000 08:07 1585217                    /lib/x86_64-linux-gnu/ld-2.23.so
7faa11d3b000-7faa11d3c000 rw-p 00000000 00:00 0 
7ffe64d8c000-7ffe64dad000 rw-p 00000000 00:00 0                          [stack]
7ffe64dd8000-7ffe64dda000 r--p 00000000 00:00 0                          [vvar]
7ffe64dda000-7ffe64ddc000 r-xp 00000000 00:00 0                          [vdso]
ffffffffff600000-ffffffffff601000 r-xp 00000000 00:00 0                  [vsyscall]

VM Arguments:
jvm_args: -Xmx1536m -Dfile.encoding=UTF-8 -Duser.country=IN -Duser.language=en -Duser.variant 
java_command: org.gradle.launcher.daemon.bootstrap.GradleDaemon 4.1
java_class_path (initial): /home/srikkanth/.gradle/wrapper/dists/gradle-4.1-all/bzyivzo6n839fup2jbap0tjew/gradle-4.1/lib/gradle-launcher-4.1.jar
Launcher Type: SUN_STANDARD

Environment Variables:
JAVA_HOME=/usr/lib/jvm/java-8-oracle
PATH=/usr/local/sbin:/usr/local/bin:/usr/sbin:/usr/bin:/sbin:/bin:/usr/games:/usr/local/games:/usr/lib/jvm/java-8-oracle/bin:/usr/lib/jvm/java-8-oracle/db/bin:/usr/lib/jvm/java-8-oracle/jre/bin
LD_LIBRARY_PATH=/home/srikkanth/Documents/android-studio/bin:
SHELL=/bin/bash
DISPLAY=:0

Signal Handlers:
SIGSEGV: [libjvm.so+0x9ebc60], sa_mask[0]=11111111011111111101111111111110, sa_flags=SA_RESTART|SA_SIGINFO
SIGBUS: [libjvm.so+0x9ebc60], sa_mask[0]=11111111011111111101111111111110, sa_flags=SA_RESTART|SA_SIGINFO
SIGFPE: [libjvm.so+0x84cf60], sa_mask[0]=11111111011111111101111111111110, sa_flags=SA_RESTART|SA_SIGINFO
SIGPIPE: [libjvm.so+0x84cf60], sa_mask[0]=11111111011111111101111111111110, sa_flags=SA_RESTART|SA_SIGINFO
SIGXFSZ: [libjvm.so+0x84cf60], sa_mask[0]=11111111011111111101111111111110, sa_flags=SA_RESTART|SA_SIGINFO
SIGILL: [libjvm.so+0x84cf60], sa_mask[0]=11111111011111111101111111111110, sa_flags=SA_RESTART|SA_SIGINFO
SIGUSR1: SIG_DFL, sa_mask[0]=00000000000000000000000000000000, sa_flags=none
SIGUSR2: [libjvm.so+0x84ce30], sa_mask[0]=00100000000000000000000000000000, sa_flags=SA_RESTART|SA_SIGINFO
SIGHUP: [libjvm.so+0x84d020], sa_mask[0]=11111111011111111101111111111110, sa_flags=SA_RESTART|SA_SIGINFO
SIGINT: [libjvm.so+0x84d020], sa_mask[0]=11111111011111111101111111111110, sa_flags=SA_RESTART|SA_SIGINFO
SIGTERM: [libjvm.so+0x84d020], sa_mask[0]=11111111011111111101111111111110, sa_flags=SA_RESTART|SA_SIGINFO
SIGQUIT: [libjvm.so+0x84d020], sa_mask[0]=11111111011111111101111111111110, sa_flags=SA_RESTART|SA_SIGINFO


---------------  S Y S T E M  ---------------

OS:DISTRIB_ID=LinuxMint
DISTRIB_RELEASE=18.3
DISTRIB_CODENAME=sylvia
DISTRIB_DESCRIPTION="Linux Mint 18.3 Sylvia"

uname:Linux 4.10.0-38-generic #42~16.04.1-Ubuntu SMP Tue Oct 10 16:32:20 UTC 2017 x86_64
libc:glibc 2.23 NPTL 2.23 
rlimit: STACK 8192k, CORE 0k, NPROC 15131, NOFILE 1048576, AS infinity
load average:3.42 1.38 0.98

/proc/meminfo:
MemTotal:        3920856 kB
MemFree:          580612 kB
MemAvailable:     711588 kB
Buffers:           30656 kB
Cached:           453040 kB
SwapCached:       279256 kB
Active:          2462888 kB
Inactive:         663500 kB
Active(anon):    2294292 kB
Inactive(anon):   524160 kB
Active(file):     168596 kB
Inactive(file):   139340 kB
Unevictable:         144 kB
Mlocked:             144 kB
SwapTotal:       4070396 kB
SwapFree:        3104156 kB
Dirty:             46280 kB
Writeback:             0 kB
AnonPages:       2632192 kB
Mapped:           188184 kB
Shmem:            175448 kB
Slab:             100092 kB
SReclaimable:      53024 kB
SUnreclaim:        47068 kB
KernelStack:       10896 kB
PageTables:        49852 kB
NFS_Unstable:          0 kB
Bounce:                0 kB
WritebackTmp:          0 kB
CommitLimit:     6030824 kB
Committed_AS:    8268684 kB
VmallocTotal:   34359738367 kB
VmallocUsed:           0 kB
VmallocChunk:          0 kB
HardwareCorrupted:     0 kB
AnonHugePages:    608256 kB
ShmemHugePages:        0 kB
ShmemPmdMapped:        0 kB
CmaTotal:              0 kB
CmaFree:               0 kB
HugePages_Total:       0
HugePages_Free:        0
HugePages_Rsvd:        0
HugePages_Surp:        0
Hugepagesize:       2048 kB
DirectMap4k:      208336 kB
DirectMap2M:     3864576 kB


CPU:total 4 (initial active 4) (2 cores per cpu, 2 threads per core) family 6 model 42 stepping 7, cmov, cx8, fxsr, mmx, sse, sse2, sse3, ssse3, sse4.1, sse4.2, popcnt, avx, aes, clmul, ht, tsc, tscinvbit

/proc/cpuinfo:
processor	: 0
vendor_id	: GenuineIntel
cpu family	: 6
model		: 42
model name	: Intel(R) Core(TM) i5-2520M CPU @ 2.50GHz
stepping	: 7
microcode	: 0x1a
cpu MHz		: 2959.594
cache size	: 3072 KB
physical id	: 0
siblings	: 4
core id		: 0
cpu cores	: 2
apicid		: 0
initial apicid	: 0
fpu		: yes
fpu_exception	: yes
cpuid level	: 13
wp		: yes
flags		: fpu vme de pse tsc msr pae mce cx8 apic sep mtrr pge mca cmov pat pse36 clflush dts acpi mmx fxsr sse sse2 ss ht tm pbe syscall nx rdtscp lm constant_tsc arch_perfmon pebs bts rep_good nopl xtopology nonstop_tsc aperfmperf pni pclmulqdq dtes64 monitor ds_cpl vmx smx est tm2 ssse3 cx16 xtpr pdcm pcid sse4_1 sse4_2 x2apic popcnt tsc_deadline_timer aes xsave avx lahf_lm epb tpr_shadow vnmi flexpriority ept vpid xsaveopt dtherm ida arat pln pts
bugs		:
bogomips	: 4988.63
clflush size	: 64
cache_alignment	: 64
address sizes	: 36 bits physical, 48 bits virtual
power management:

processor	: 1
vendor_id	: GenuineIntel
cpu family	: 6
model		: 42
model name	: Intel(R) Core(TM) i5-2520M CPU @ 2.50GHz
stepping	: 7
microcode	: 0x1a
cpu MHz		: 2971.649
cache size	: 3072 KB
physical id	: 0
siblings	: 4
core id		: 1
cpu cores	: 2
apicid		: 2
initial apicid	: 2
fpu		: yes
fpu_exception	: yes
cpuid level	: 13
wp		: yes
flags		: fpu vme de pse tsc msr pae mce cx8 apic sep mtrr pge mca cmov pat pse36 clflush dts acpi mmx fxsr sse sse2 ss ht tm pbe syscall nx rdtscp lm constant_tsc arch_perfmon pebs bts rep_good nopl xtopology nonstop_tsc aperfmperf pni pclmulqdq dtes64 monitor ds_cpl vmx smx est tm2 ssse3 cx16 xtpr pdcm pcid sse4_1 sse4_2 x2apic popcnt tsc_deadline_timer aes xsave avx lahf_lm epb tpr_shadow vnmi flexpriority ept vpid xsaveopt dtherm ida arat pln pts
bugs		:
bogomips	: 4988.63
clflush size	: 64
cache_alignment	: 64
address sizes	: 36 bits physical, 48 bits virtual
power management:

processor	: 2
vendor_id	: GenuineIntel
cpu family	: 6
model		: 42
model name	: Intel(R) Core(TM) i5-2520M CPU @ 2.50GHz
stepping	: 7
microcode	: 0x1a
cpu MHz		: 2989.654
cache size	: 3072 KB
physical id	: 0
siblings	: 4
core id		: 0
cpu cores	: 2
apicid		: 1
initial apicid	: 1
fpu		: yes
fpu_exception	: yes
cpuid level	: 13
wp		: yes
flags		: fpu vme de pse tsc msr pae mce cx8 apic sep mtrr pge mca cmov pat pse36 clflush dts acpi mmx fxsr sse sse2 ss ht tm pbe syscall nx rdtscp lm constant_tsc arch_perfmon pebs bts rep_good nopl xtopology nonstop_tsc aperfmperf pni pclmulqdq dtes64 monitor ds_cpl vmx smx est tm2 ssse3 cx16 xtpr pdcm pcid sse4_1 sse4_2 x2apic popcnt tsc_deadline_timer aes xsave avx lahf_lm epb tpr_shadow vnmi flexpriority ept vpid xsaveopt dtherm ida arat pln pts
bugs		:
bogomips	: 4988.63
clflush size	: 64
cache_alignment	: 64
address sizes	: 36 bits physical, 48 bits virtual
power management:

processor	: 3
vendor_id	: GenuineIntel
cpu family	: 6
model		: 42
model name	: Intel(R) Core(TM) i5-2520M CPU @ 2.50GHz
stepping	: 7
microcode	: 0x1a
cpu MHz		: 2972.869
cache size	: 3072 KB
physical id	: 0
siblings	: 4
core id		: 1
cpu cores	: 2
apicid		: 3
initial apicid	: 3
fpu		: yes
fpu_exception	: yes
cpuid level	: 13
wp		: yes
flags		: fpu vme de pse tsc msr pae mce cx8 apic sep mtrr pge mca cmov pat pse36 clflush dts acpi mmx fxsr sse sse2 ss ht tm pbe syscall nx rdtscp lm constant_tsc arch_perfmon pebs bts rep_good nopl xtopology nonstop_tsc aperfmperf pni pclmulqdq dtes64 monitor ds_cpl vmx smx est tm2 ssse3 cx16 xtpr pdcm pcid sse4_1 sse4_2 x2apic popcnt tsc_deadline_timer aes xsave avx lahf_lm epb tpr_shadow vnmi flexpriority ept vpid xsaveopt dtherm ida arat pln pts
bugs		:
bogomips	: 4988.63
clflush size	: 64
cache_alignment	: 64
address sizes	: 36 bits physical, 48 bits virtual
power management:



Memory: 4k page, physical 3920856k(580612k free), swap 4070396k(3104156k free)

vm_info: OpenJDK 64-Bit Server VM (25.152-b01) for linux-amd64 JRE (1.8.0_152-release-915-b01), built by "builder" with gcc 4.8.4

time: Wed Jun 13 13:13:30 2018
elapsed time: 8 seconds (0d 0h 0m 8s)

